#
# A fatal error has been detected by the Java Runtime Environment:
#
#  EXCEPTION_ACCESS_VIOLATION (0xc0000005) at pc=0x00000246975fae50, pid=25524, tid=26404
#
# JRE version: OpenJDK Runtime Environment Temurin-21.0.8+9 (21.0.8+9) (build 21.0.8+9-LTS)
# Java VM: OpenJDK 64-Bit Server VM Temurin-21.0.8+9 (21.0.8+9-LTS, mixed mode, sharing, tiered, compressed oops, compressed class ptrs, g1 gc, windows-amd64)
# Problematic frame:
# v  ~BufferBlob::MethodHandles adapters 0x00000246975fae50
#
# No core dump will be written. Minidumps are not enabled by default on client versions of Windows
#
# If you would like to submit a bug report, please visit:
#   https://github.com/adoptium/adoptium-support/issues
#

---------------  S U M M A R Y ------------

Command Line: -XX:+ShowCodeDetailsInExceptionMessages -agentlib:jdwp=transport=dt_socket,suspend=y,address=localhost:52347 -javaagent:C:\Users\maylo_pqtjsg6\eclipse\java-2025-06\eclipse\configuration\org.eclipse.osgi\640\0\.cp\lib\javaagent-shaded.jar -Dfile.encoding=UTF-8 -Dstdout.encoding=UTF-8 -Dstderr.encoding=UTF-8 com.br.gestaoPedidos.GestaoPedidosApplication -Dspring.profiles.active=dev

Host: 11th Gen Intel(R) Core(TM) i7-1165G7 @ 2.80GHz, 8 cores, 15G,  Windows 11 , 64 bit Build 26100 (10.0.26100.4768)
Time: Wed Aug 27 12:18:03 2025 Hora oficial do Brasil elapsed time: 372.862016 seconds (0d 0h 6m 12s)

---------------  T H R E A D  ---------------

Current thread (0x00000246f4889a30):  JavaThread "restartedMain"        [_thread_in_Java, id=26404, stack(0x0000006b6eb00000,0x0000006b6ec00000) (1024K)]

Stack: [0x0000006b6eb00000,0x0000006b6ec00000],  sp=0x0000006b6ebfe0e8,  free space=1016k
Native frames: (J=compiled Java code, j=interpreted, Vv=VM code, C=native code)
C  0x00000246975fae50

The last pc belongs to _linkToSpecial (printed below).

siginfo: EXCEPTION_ACCESS_VIOLATION (0xc0000005), reading address 0xffffffffffffffff


Registers:
RAX=0x00000246975c91b4, RBX=0xe15325ac00000000, RCX=0x0000006b6ebfe0f0, RDX=0x0000000000000002
RSP=0x0000006b6ebfe0e8, RBP=0x0000006b6ebfe138, RSI=0x00000246f229cf58, RDI=0x00000246ecfd51e0
R8 =0x0000000000000004, R9 =0x0000000000000004, R10=0x00000246a8bb4470, R11=0x00000246a70b5da0
R12=0x0000000000000000, R13=0x0000006b6ebfe0e8, R14=0x0000006b6ebfe158, R15=0x00000246f4889a30
RIP=0x00000246975fae50, EFLAGS=0x0000000000010202

XMM[0]=0x0000000000000000 0x0000000000000000
XMM[1]=0x0000000000000000 0x0000000000000000
XMM[2]=0x0000000000000000 0x0000000000000000
XMM[3]=0x0000000000000000 0x0000000000000000
XMM[4]=0x0000000000000000 0x0000000000000000
XMM[5]=0x0000000000000000 0x0000000000000000
XMM[6]=0x0000000000000000 0xa862eaea37297b1a
XMM[7]=0x0000000000000000 0xe8ab0ab5709bcf1c
XMM[8]=0x0000000000000000 0xdafe94a95486ab2d
XMM[9]=0x0000000000000000 0x0b3c73a14245fb4e
XMM[10]=0x0000000000000000 0xb87f1d50f1346cc2
XMM[11]=0x0000000000000000 0x0000000038b54f72
XMM[12]=0x0000000000000000 0x03752dbdf4a99a7f
XMM[13]=0x0000000000000000 0x0000000000000010
XMM[14]=0x0000000000000000 0x0000000708f9bab8
XMM[15]=0x0000000000000000 0x00000007ffed9db0
  MXCSR=0x00001fa0


Register to memory mapping:

RAX=0x00000246975c91b4 is at code_begin+3380 in an Interpreter codelet
return entry points  [0x00000246975c8480, 0x00000246975ca590]  8464 bytes
RBX=0xe15325ac00000000 is an unknown value
RCX=0x0000006b6ebfe0f0 is pointing into the stack for thread: 0x00000246f4889a30
RDX=0x0000000000000002 is an unknown value
RSP=0x0000006b6ebfe0e8 is pointing into the stack for thread: 0x00000246f4889a30
RBP=0x0000006b6ebfe138 is pointing into the stack for thread: 0x00000246f4889a30
RSI=0x00000246f229cf58 points into unknown readable memory: 0x8000176e9afd4285 | 85 42 fd 9a 6e 17 00 80
RDI=0x00000246ecfd51e0 points into unknown readable memory: 0x0000001800000070 | 70 00 00 00 18 00 00 00
R8 =0x0000000000000004 is an unknown value
R9 =0x0000000000000004 is an unknown value
R10=0x00000246a8bb4470 is a pointer to class: 
com.br.gestaoPedidos.relatorios.controller.RelatorioController {0x00000246a8bb4478}
 - instance size:     2
 - klass size:        67
 - access:            public synchronized 
 - flags:             rewritten has_nonstatic_fields should_verify_class has_localvariable_table has_resolved_methods has_been_redefined 
 - state:             fully_initialized
 - name:              'com/br/gestaoPedidos/relatorios/controller/RelatorioController'
 - super:             'java/lang/Object'
 - sub:               
 - arrays:            null
 - methods:           Array<T>(0x00000246f8adf9e8)
 - method ordering:   Array<T>(0x00000246f8adfca0)
 - local interfaces:  Array<T>(0x00000246a7611630)
 - trans. interfaces: Array<T>(0x00000246a7611630)
 - secondary supers: Array<T>(0x00000246a7611180)
 - hash_slot:         0
 - bitmap:            0x0000000000000000
 - constants:         constant pool [115] {0x00000246f8ae4620} for 'com/br/gestaoPedidos/relatorios/controller/RelatorioController' cache=0x00000246f8adfd68
 - class loader data:  loader data: 0x00000246f5f722c0 for instance a 'org/springframework/boot/devtools/restart/classloader/RestartClassLoader'{0x0000000708e00080}
 - source file:       'RelatorioController.java'
 - source debug extension:       SMAP
RelatorioController.java
Java
*S jdt
*F
1 RelatorioController.java
2 file:/C:/Users/maylo_pqtjsg6/Documents/Mayara/teste-tecnico/backend/27487-gestao-pedidos-api/target/classes/
*L
*E

 - class annotations:       Array<T>(0x00000246f8adfc18)
 - field annotations:       Array<T>(0x00000246f8adf9d8)
 - inner classes:     Array<T>(0x00000246f8adfc40)
 - nest members:     Array<T>(0x00000246a76115b8)
 - permitted subclasses:     Array<T>(0x00000246a76115b8)
 - java mirror:       a 'java/lang/Class'{0x0000000708e7f228} = 'com/br/gestaoPedidos/relatorios/controller/RelatorioController'
 - vtable length      6  (start addr: 0x00000246a8bb4640)
 - itable length      2 (start addr: 0x00000246a8bb4670)
 - ---- static fields (0 words):
 - ---- non-static fields (1 words):
 - private 'service' 'Lcom/br/gestaoPedidos/relatorios/service/RelatorioService;' @12 
 - non-static oop maps: 12-12 
R11={method} {0x00000246a70b5da8} 'newInvokeSpecial' '(Ljava/lang/Object;)Ljava/lang/Object;' in 'java/lang/invoke/DirectMethodHandle$Holder'
R12=0x0 is null
R13=0x0000006b6ebfe0e8 is pointing into the stack for thread: 0x00000246f4889a30
R14=0x0000006b6ebfe158 is pointing into the stack for thread: 0x00000246f4889a30
R15=0x00000246f4889a30 is a thread

Top of Stack: (sp=0x0000006b6ebfe0e8)
0x0000006b6ebfe0e8:   00000246975c91b4 0000006b6ebfe0f0
0x0000006b6ebfe0f8:   00000246a772b44f 0000000000000004
0x0000006b6ebfe108:   00000246a70b1258 00000246e87e2100
0x0000006b6ebfe118:   000000070602af30 00000246a70b5da0
0x0000006b6ebfe128:   0000006b6ebfe0e8 0000006b6ebfe160
0x0000006b6ebfe138:   000000070a992cc8 0000024697d25924
0x0000006b6ebfe148:   000000070a992c68 000000070a992d10
0x0000006b6ebfe158:   000000070a992cc8 000000070a992ac0
0x0000006b6ebfe168:   000000070a992a68 0000000707e25c20
0x0000006b6ebfe178:   0000000100000000 000000070a992ac0
0x0000006b6ebfe188:   000000070a992cf8 000000070a992cc8
0x0000006b6ebfe198:   000000070a992a58 0000000000000000
0x0000006b6ebfe1a8:   000000070a992a68 000000070a992cc8
0x0000006b6ebfe1b8:   000000070a992930 0000024697d24c4c
0x0000006b6ebfe1c8:   000000070a992930 0000006b6ebfe440
0x0000006b6ebfe1d8:   0000024690826b1f 0000006b6ebfe440
0x0000006b6ebfe1e8:   0000024690824864 0000000708e7f228
0x0000006b6ebfe1f8:   00000007067c2350 0000000708e14ea0
0x0000006b6ebfe208:   0000024690944324 0000000708e14ea0
0x0000006b6ebfe218:   0000024690b977ec 0000000708e81df8
0x0000006b6ebfe228:   000000070a988f30 0000000708e14ea0
0x0000006b6ebfe238:   000000070a992a68 000000070a992ab0
0x0000006b6ebfe248:   000000070a992ac0 0000000000000000
0x0000006b6ebfe258:   000000070a988f30 0000000708e14ea0
0x0000006b6ebfe268:   0000024690947c07 0000000000000000
0x0000006b6ebfe278:   0000024697b89386 0000000707e25c20
0x0000006b6ebfe288:   00000246f89e33b8 0000000708e24310
0x0000006b6ebfe298:   000000070a988da8 0000000708e7f228
0x0000006b6ebfe2a8:   000000070a992a58 0000000708f5a310
0x0000006b6ebfe2b8:   000000070604ab70 000000070604ab80
0x0000006b6ebfe2c8:   000000070a992930 0000000000000000
0x0000006b6ebfe2d8:   00000246908260cc 0000006b6ebfe440 

Instructions: (pc=0x00000246975fae50)
0x00000246975fad50:   bf d8 05 00 00 00 74 03 ff 63 38 ff 63 50 e9 9d
0x00000246975fad60:   16 00 00 66 66 66 0f 1f 84 00 00 00 00 00 66 66
0x00000246975fad70:   66 90 66 66 0f 1f 84 00 00 00 00 00 66 66 66 90
0x00000246975fad80:   48 8b 53 08 0f b7 52 2e 48 8b 0c d4 58 5b 50 44
0x00000246975fad90:   8b 51 08 49 bb 00 00 00 a7 46 02 00 00 4d 03 d3
0x00000246975fada0:   4c 8b 5b 10 4b 8b 9c da d0 01 00 00 48 85 db 0f
0x00000246975fadb0:   84 10 00 00 00 41 80 bf d8 05 00 00 00 74 03 ff
0x00000246975fadc0:   63 38 ff 63 50 e9 36 16 00 00 66 66 66 0f 1f 84
0x00000246975fadd0:   00 00 00 00 00 66 66 66 90 0f 1f 80 00 00 00 00
0x00000246975fade0:   58 5b 50 8b 5b 24 48 c1 e3 03 48 8b 5b 10 48 85
0x00000246975fadf0:   db 0f 84 10 00 00 00 41 80 bf d8 05 00 00 00 74
0x00000246975fae00:   03 ff 63 38 ff 63 50 e9 f4 15 00 00 66 66 66 0f
0x00000246975fae10:   1f 84 00 00 00 00 00 66 66 66 90 0f 1f 44 00 00
0x00000246975fae20:   48 8b 53 08 0f b7 52 2e 48 8b 0c d4 58 5b 50 48
0x00000246975fae30:   3b 01 8b 5b 24 48 c1 e3 03 48 8b 5b 10 48 85 db
0x00000246975fae40:   0f 84 10 00 00 00 41 80 bf d8 05 00 00 00 74 03
0x00000246975fae50:   ff 63 38 ff 63 50 e9 a5 15 00 00 0f 1f 44 00 00
0x00000246975fae60:   48 8b 53 08 0f b7 52 2e 48 8b 0c d4 58 5b 50 44
0x00000246975fae70:   8b 51 08 49 bb 00 00 00 a7 46 02 00 00 4d 03 d3
0x00000246975fae80:   8b 43 18 48 c1 e0 03 48 8b 40 10 48 8b 5b 10 45
0x00000246975fae90:   8b 9a ac 00 00 00 4f 8d 9c da d0 01 00 00 4d 8d
0x00000246975faea0:   14 da 49 8b 1b 48 3b c3 74 15 48 85 db 0f 84 32
0x00000246975faeb0:   00 00 00 49 83 c3 10 49 8b 1b 48 3b c3 75 eb 45
0x00000246975faec0:   8b 5b 08 4b 8b 1c 1a 48 85 db 0f 84 10 00 00 00
0x00000246975faed0:   41 80 bf d8 05 00 00 00 74 03 ff 63 38 ff 63 50
0x00000246975faee0:   e9 1b 15 00 00 e9 16 12 00 00 f4 00 00 00 00 00
0x00000246975faef0:   00 00 00 00 00 00 00 00 00 00 00 00 00 00 00 00
0x00000246975faf00:   00 00 00 00 00 00 00 00 00 00 00 00 00 00 00 00
0x00000246975faf10:   00 00 00 00 00 00 00 00 00 00 00 00 00 00 00 00
0x00000246975faf20:   00 00 00 00 00 00 00 00 00 00 00 00 00 00 00 00
0x00000246975faf30:   00 00 00 00 00 00 00 00 00 00 00 00 00 00 00 00
0x00000246975faf40:   00 00 00 00 00 00 00 00 00 00 00 00 00 00 00 00 


Stack slot to memory mapping:

stack at sp + 0 slots: 0x00000246975c91b4 is at code_begin+3380 in an Interpreter codelet
return entry points  [0x00000246975c8480, 0x00000246975ca590]  8464 bytes
stack at sp + 1 slots: 0x0000006b6ebfe0f0 is pointing into the stack for thread: 0x00000246f4889a30
stack at sp + 2 slots: 0x00000246a772b44f is pointing into metadata
stack at sp + 3 slots: 0x0000000000000004 is an unknown value
stack at sp + 4 slots: 0x00000246a70b1258 is pointing into metadata
stack at sp + 5 slots: 0x00000246e87e2100 is pointing into metadata
stack at sp + 6 slots: 0x000000070602af30 is an oop: java.lang.Class 
{0x000000070602af30} - klass: 'java/lang/Class'
 - ---- fields (total size 14 words):
 - private volatile transient 'classRedefinedCount' 'I' @12  0 (0x00000000)
 - injected 'klass' 'J' @16  2502473485856 (0x00000246a70b0e20)
 - injected 'array_klass' 'J' @24  0 (0x0000000000000000)
 - injected 'oop_size' 'I' @32  14 (0x0000000e)
 - injected 'static_oop_field_count' 'I' @36  0 (0x00000000)
 - private volatile transient 'cachedConstructor' 'Ljava/lang/reflect/Constructor;' @40  null (0x00000000)
 - private transient 'name' 'Ljava/lang/String;' @44  null (0x00000000)
 - private transient 'module' 'Ljava/lang/Module;' @48  a 'java/lang/Module'{0x0000000706031928} (0xe0c06325)
 - private final 'classLoader' 'Ljava/lang/ClassLoader;' @52  null (0x00000000)
 - private transient 'classData' 'Ljava/lang/Object;' @56  null (0x00000000)
 - private transient 'packageName' 'Ljava/lang/String;' @60  null (0x00000000)
 - private final 'componentType' 'Ljava/lang/Class;' @64  null (0x00000000)
 - private volatile transient 'reflectionData' 'Ljava/lang/ref/SoftReference;' @68  null (0x00000000)
 - private volatile transient 'genericInfo' 'Lsun/reflect/generics/repository/ClassRepository;' @72  null (0x00000000)
 - private volatile transient 'enumConstants' '[Ljava/lang/Object;' @76  null (0x00000000)
 - private volatile transient 'enumConstantDirectory' 'Ljava/util/Map;' @80  null (0x00000000)
 - private volatile transient 'annotationData' 'Ljava/lang/Class$AnnotationData;' @84  null (0x00000000)
 - private volatile transient 'annotationType' 'Lsun/reflect/annotation/AnnotationType;' @88  null (0x00000000)
 - transient 'classValueMap' 'Ljava/lang/ClassValue$ClassValueMap;' @92  null (0x00000000)
 - injected 'protection_domain' 'Ljava/lang/Object;' @96  null (0x00000000)
 - injected 'signers_name' 'Ljava/lang/Object;' @100  null (0x00000000)
 - injected 'source_file' 'Ljava/lang/Object;' @104  null (0x00000000)
 - injected '<init_lock>' 'Ljava/lang/Object;' @108  null (0x00000000)
 - signature: Ljava/lang/invoke/DirectMethodHandle$Holder;
 - ---- static fields (0):
stack at sp + 7 slots: {method} {0x00000246a70b5da8} 'newInvokeSpecial' '(Ljava/lang/Object;)Ljava/lang/Object;' in 'java/lang/invoke/DirectMethodHandle$Holder'

MethodHandle::interpreter_entry::_linkToSpecial [0x00000246975fae0c, 0x00000246975fae5b] (79 bytes)
[MachCode]
  0x00000246975fae0c: 6666 660f | 1f84 0000 | 0000 0066 | 6666 900f | 1f44 0000 | 488b 5308 | 0fb7 522e | 488b 0cd4 
  0x00000246975fae2c: 585b 5048 | 3b01 8b5b | 2448 c1e3 | 0348 8b5b | 1048 85db | 0f84 1000 | 0000 4180 | bfd8 0500 
  0x00000246975fae4c: 0000 7403 | ff63 38ff | 6350 e9a5 | 
[/MachCode]

---------------  P R O C E S S  ---------------

Threads class SMR info:
_java_thread_list=0x00000246f5170000, length=24, elements={
0x00000246a6c6ae10, 0x00000246a6c703a0, 0x00000246a6c75ba0, 0x00000246a6c76200,
0x00000246a6c78590, 0x00000246a6c7ea40, 0x00000246a6c8de30, 0x00000246a6c8ffe0,
0x00000246ec101b20, 0x00000246ec1ca140, 0x00000246ec1f0d70, 0x00000246ec1f3fa0,
0x00000246ec1021b0, 0x00000246f488b470, 0x00000246f488dbd0, 0x00000246efcc8d60,
0x00000246f488e8f0, 0x00000246f488ceb0, 0x00000246f4889a30, 0x00000246f488bb00,
0x00000246f4888680, 0x00000246f4888d10, 0x00000246f488e260, 0x00000246ecaa0590
}

Java Threads: ( => current thread )
  0x00000246a6c6ae10 JavaThread "Reference Handler"          daemon [_thread_blocked, id=30012, stack(0x0000006b6de00000,0x0000006b6df00000) (1024K)]
  0x00000246a6c703a0 JavaThread "Finalizer"                  daemon [_thread_blocked, id=35532, stack(0x0000006b6df00000,0x0000006b6e000000) (1024K)]
  0x00000246a6c75ba0 JavaThread "Signal Dispatcher"          daemon [_thread_blocked, id=25688, stack(0x0000006b6e000000,0x0000006b6e100000) (1024K)]
  0x00000246a6c76200 JavaThread "Attach Listener"            daemon [_thread_blocked, id=11020, stack(0x0000006b6e100000,0x0000006b6e200000) (1024K)]
  0x00000246a6c78590 JavaThread "Service Thread"             daemon [_thread_blocked, id=34980, stack(0x0000006b6e200000,0x0000006b6e300000) (1024K)]
  0x00000246a6c7ea40 JavaThread "Monitor Deflation Thread"   daemon [_thread_blocked, id=10096, stack(0x0000006b6e300000,0x0000006b6e400000) (1024K)]
  0x00000246a6c8de30 JavaThread "C2 CompilerThread0"         daemon [_thread_blocked, id=10540, stack(0x0000006b6e400000,0x0000006b6e500000) (1024K)]
  0x00000246a6c8ffe0 JavaThread "C1 CompilerThread0"         daemon [_thread_blocked, id=14360, stack(0x0000006b6e500000,0x0000006b6e600000) (1024K)]
  0x00000246ec101b20 JavaThread "Common-Cleaner"             daemon [_thread_blocked, id=7452, stack(0x0000006b6e600000,0x0000006b6e700000) (1024K)]
  0x00000246ec1ca140 JavaThread "JDWP Transport Listener: dt_socket" daemon [_thread_blocked, id=24996, stack(0x0000006b6e700000,0x0000006b6e800000) (1024K)]
  0x00000246ec1f0d70 JavaThread "JDWP Event Helper Thread"   daemon [_thread_blocked, id=18208, stack(0x0000006b6e800000,0x0000006b6e900000) (1024K)]
  0x00000246ec1f3fa0 JavaThread "JDWP Command Reader"        daemon [_thread_in_native, id=32348, stack(0x0000006b6e900000,0x0000006b6ea00000) (1024K)]
  0x00000246ec1021b0 JavaThread "Notification Thread"        daemon [_thread_blocked, id=16304, stack(0x0000006b6ec00000,0x0000006b6ed00000) (1024K)]
  0x00000246f488b470 JavaThread "PostgreSQL-JDBC-Cleaner"    daemon [_thread_blocked, id=17856, stack(0x0000006b6fb00000,0x0000006b6fc00000) (1024K)]
  0x00000246f488dbd0 JavaThread "Live Reload Server"         daemon [_thread_in_native, id=33880, stack(0x0000006b6ff00000,0x0000006b70000000) (1024K)]
  0x00000246efcc8d60 JavaThread "DestroyJavaVM"                     [_thread_blocked, id=11488, stack(0x0000006b6d600000,0x0000006b6d700000) (1024K)]
  0x00000246f488e8f0 JavaThread "ForkJoinPool.commonPool-worker-4" daemon [_thread_blocked, id=20844, stack(0x0000006b6d500000,0x0000006b6d600000) (1024K)]
  0x00000246f488ceb0 JavaThread "Thread-7"                          [_thread_blocked, id=25184, stack(0x0000006b6ea00000,0x0000006b6eb00000) (1024K)]
=>0x00000246f4889a30 JavaThread "restartedMain"                     [_thread_in_Java, id=26404, stack(0x0000006b6eb00000,0x0000006b6ec00000) (1024K)]
  0x00000246f488bb00 JavaThread "Catalina-utility-1"                [_thread_blocked, id=8916, stack(0x0000006b6f600000,0x0000006b6f700000) (1024K)]
  0x00000246f4888680 JavaThread "Catalina-utility-2"                [_thread_blocked, id=33384, stack(0x0000006b6f800000,0x0000006b6f900000) (1024K)]
  0x00000246f4888d10 JavaThread "container-0"                       [_thread_blocked, id=1104, stack(0x0000006b6f900000,0x0000006b6fa00000) (1024K)]
  0x00000246f488e260 JavaThread "HikariPool-3:housekeeper"   daemon [_thread_blocked, id=27588, stack(0x0000006b6fc00000,0x0000006b6fd00000) (1024K)]
  0x00000246ecaa0590 JavaThread "C2 CompilerThread1"         daemon [_thread_blocked, id=35756, stack(0x0000006b6f300000,0x0000006b6f400000) (1024K)]
Total: 24

Other Threads:
  0x00000246a6c515c0 VMThread "VM Thread"                           [id=18700, stack(0x0000006b6dd00000,0x0000006b6de00000) (1024K)]
  0x00000246a6c3cf20 WatcherThread "VM Periodic Task Thread"        [id=15544, stack(0x0000006b6dc00000,0x0000006b6dd00000) (1024K)]
  0x000002468c767ee0 WorkerThread "GC Thread#0"                     [id=7376, stack(0x0000006b6d700000,0x0000006b6d800000) (1024K)]
  0x00000246ec9450e0 WorkerThread "GC Thread#1"                     [id=13632, stack(0x0000006b6ed00000,0x0000006b6ee00000) (1024K)]
  0x00000246ecbf5190 WorkerThread "GC Thread#2"                     [id=18644, stack(0x0000006b6ee00000,0x0000006b6ef00000) (1024K)]
  0x00000246ecbf5530 WorkerThread "GC Thread#3"                     [id=20676, stack(0x0000006b6ef00000,0x0000006b6f000000) (1024K)]
  0x00000246ecbf58d0 WorkerThread "GC Thread#4"                     [id=10204, stack(0x0000006b6f000000,0x0000006b6f100000) (1024K)]
  0x00000246eca72f40 WorkerThread "GC Thread#5"                     [id=34840, stack(0x0000006b6f100000,0x0000006b6f200000) (1024K)]
  0x00000246ec9be1d0 WorkerThread "GC Thread#6"                     [id=17404, stack(0x0000006b6f200000,0x0000006b6f300000) (1024K)]
  0x00000246ece3bf10 WorkerThread "GC Thread#7"                     [id=19704, stack(0x0000006b6f500000,0x0000006b6f600000) (1024K)]
  0x000002468c779020 ConcurrentGCThread "G1 Main Marker"            [id=17176, stack(0x0000006b6d800000,0x0000006b6d900000) (1024K)]
  0x000002468c77a8b0 WorkerThread "G1 Conc#0"                       [id=13656, stack(0x0000006b6d900000,0x0000006b6da00000) (1024K)]
  0x00000246ee8bc1a0 WorkerThread "G1 Conc#1"                       [id=13088, stack(0x0000006b6f700000,0x0000006b6f800000) (1024K)]
  0x00000246a6b08250 ConcurrentGCThread "G1 Refine#0"               [id=33940, stack(0x0000006b6da00000,0x0000006b6db00000) (1024K)]
  0x00000246a6b0b6a0 ConcurrentGCThread "G1 Service"                [id=23324, stack(0x0000006b6db00000,0x0000006b6dc00000) (1024K)]
Total: 15

Threads with active compile tasks:
Total: 0

VM state: not at safepoint (normal execution)

VM Mutex/Monitor currently owned by a thread: None

Heap address: 0x0000000705c00000, size: 4004 MB, Compressed Oops mode: Zero based, Oop shift amount: 3

CDS archive(s) mapped at: [0x00000246a7000000-0x00000246a7c80000-0x00000246a7c80000), size 13107200, SharedBaseAddress: 0x00000246a7000000, ArchiveRelocationMode: 1.
Compressed class space mapped at: 0x00000246a8000000-0x00000246e8000000, reserved size: 1073741824
Narrow klass base: 0x00000246a7000000, Narrow klass shift: 0, Narrow klass range: 0x100000000

GC Precious Log:
 CardTable entry size: 512
 Card Set container configuration: InlinePtr #cards 4 size 8 Array Of Cards #cards 16 size 48 Howl #buckets 8 coarsen threshold 3686 Howl Bitmap #cards 512 size 80 coarsen threshold 460 Card regions per heap region 1 cards per card region 4096
 CPUs: 8 total, 8 available
 Memory: 16015M
 Large Page Support: Disabled
 NUMA Support: Disabled
 Compressed Oops: Enabled (Zero based)
 Heap Region Size: 2M
 Heap Min Capacity: 8M
 Heap Initial Capacity: 252M
 Heap Max Capacity: 4004M
 Pre-touch: Disabled
 Parallel Workers: 8
 Concurrent Workers: 2
 Concurrent Refinement Workers: 8
 Periodic GC: Disabled

Heap:
 garbage-first heap   total 102400K, used 63139K [0x0000000705c00000, 0x0000000800000000)
  region size 2048K, 16 young (32768K), 3 survivors (6144K)
 Metaspace       used 87723K, committed 88640K, reserved 1179648K
  class space    used 11579K, committed 11968K, reserved 1048576K

Heap Regions: E=young(eden), S=young(survivor), O=old, HS=humongous(starts), HC=humongous(continues), CS=collection set, F=free, TAMS=top-at-mark-start, PB=parsable bottom
|   0|0x0000000705c00000, 0x0000000705e00000, 0x0000000705e00000|100%| O|  |TAMS 0x0000000705c00000| PB 0x0000000705c00000| Untracked 
|   1|0x0000000705e00000, 0x0000000706000000, 0x0000000706000000|100%| O|  |TAMS 0x0000000705e00000| PB 0x0000000705e00000| Untracked 
|   2|0x0000000706000000, 0x0000000706200000, 0x0000000706200000|100%| O|  |TAMS 0x0000000706000000| PB 0x0000000706000000| Untracked 
|   3|0x0000000706200000, 0x0000000706400000, 0x0000000706400000|100%| O|  |TAMS 0x0000000706200000| PB 0x0000000706200000| Untracked 
|   4|0x0000000706400000, 0x00000007065ffff0, 0x0000000706600000| 99%| O|  |TAMS 0x0000000706400000| PB 0x0000000706400000| Untracked 
|   5|0x0000000706600000, 0x00000007067fffa0, 0x0000000706800000| 99%| O|  |TAMS 0x0000000706600000| PB 0x0000000706600000| Untracked 
|   6|0x0000000706800000, 0x00000007069fffd8, 0x0000000706a00000| 99%| O|  |TAMS 0x0000000706800000| PB 0x0000000706800000| Untracked 
|   7|0x0000000706a00000, 0x0000000706bffff8, 0x0000000706c00000| 99%| O|  |TAMS 0x0000000706a00000| PB 0x0000000706a00000| Untracked 
|   8|0x0000000706c00000, 0x0000000706dffff0, 0x0000000706e00000| 99%| O|  |TAMS 0x0000000706c00000| PB 0x0000000706c00000| Untracked 
|   9|0x0000000706e00000, 0x0000000707000000, 0x0000000707000000|100%| O|  |TAMS 0x0000000706e00000| PB 0x0000000706e00000| Untracked 
|  10|0x0000000707000000, 0x00000007071fffc0, 0x0000000707200000| 99%| O|  |TAMS 0x0000000707000000| PB 0x0000000707000000| Untracked 
|  11|0x0000000707200000, 0x00000007073ffff0, 0x0000000707400000| 99%| O|  |TAMS 0x0000000707200000| PB 0x0000000707200000| Untracked 
|  12|0x0000000707400000, 0x00000007075ffff0, 0x0000000707600000| 99%| O|  |TAMS 0x0000000707400000| PB 0x0000000707400000| Untracked 
|  13|0x0000000707600000, 0x00000007077ffff8, 0x0000000707800000| 99%| O|  |TAMS 0x0000000707600000| PB 0x0000000707600000| Untracked 
|  14|0x0000000707800000, 0x00000007079ffff8, 0x0000000707a00000| 99%| O|  |TAMS 0x0000000707800000| PB 0x0000000707800000| Untracked 
|  15|0x0000000707a00000, 0x0000000707c00000, 0x0000000707c00000|100%| O|  |TAMS 0x0000000707a00000| PB 0x0000000707a00000| Untracked 
|  16|0x0000000707c00000, 0x0000000707da5e40, 0x0000000707e00000| 82%| O|  |TAMS 0x0000000707c00000| PB 0x0000000707c00000| Untracked 
|  17|0x0000000707e00000, 0x0000000707e3e080, 0x0000000708000000| 12%| O|  |TAMS 0x0000000707e00000| PB 0x0000000707e00000| Untracked 
|  18|0x0000000708000000, 0x000000070802aac0, 0x0000000708200000|  8%| O|  |TAMS 0x0000000708000000| PB 0x0000000708000000| Untracked 
|  19|0x0000000708200000, 0x00000007082f4920, 0x0000000708400000| 47%| O|  |TAMS 0x0000000708200000| PB 0x0000000708200000| Untracked 
|  20|0x0000000708400000, 0x0000000708400000, 0x0000000708600000|  0%| F|  |TAMS 0x0000000708400000| PB 0x0000000708400000| Untracked 
|  21|0x0000000708600000, 0x0000000708600000, 0x0000000708800000|  0%| F|  |TAMS 0x0000000708600000| PB 0x0000000708600000| Untracked 
|  22|0x0000000708800000, 0x0000000708800000, 0x0000000708a00000|  0%| F|  |TAMS 0x0000000708800000| PB 0x0000000708800000| Untracked 
|  23|0x0000000708a00000, 0x0000000708aa5c40, 0x0000000708c00000| 32%| S|CS|TAMS 0x0000000708a00000| PB 0x0000000708a00000| Complete 
|  24|0x0000000708c00000, 0x0000000708e00000, 0x0000000708e00000|100%| S|CS|TAMS 0x0000000708c00000| PB 0x0000000708c00000| Complete 
|  25|0x0000000708e00000, 0x0000000709000000, 0x0000000709000000|100%| S|CS|TAMS 0x0000000708e00000| PB 0x0000000708e00000| Complete 
|  26|0x0000000709000000, 0x0000000709000000, 0x0000000709200000|  0%| F|  |TAMS 0x0000000709000000| PB 0x0000000709000000| Untracked 
|  27|0x0000000709200000, 0x0000000709200000, 0x0000000709400000|  0%| F|  |TAMS 0x0000000709200000| PB 0x0000000709200000| Untracked 
|  28|0x0000000709400000, 0x0000000709400000, 0x0000000709600000|  0%| F|  |TAMS 0x0000000709400000| PB 0x0000000709400000| Untracked 
|  29|0x0000000709600000, 0x0000000709600000, 0x0000000709800000|  0%| F|  |TAMS 0x0000000709600000| PB 0x0000000709600000| Untracked 
|  30|0x0000000709800000, 0x0000000709800000, 0x0000000709a00000|  0%| F|  |TAMS 0x0000000709800000| PB 0x0000000709800000| Untracked 
|  31|0x0000000709a00000, 0x0000000709a00000, 0x0000000709c00000|  0%| F|  |TAMS 0x0000000709a00000| PB 0x0000000709a00000| Untracked 
|  32|0x0000000709c00000, 0x0000000709c00000, 0x0000000709e00000|  0%| F|  |TAMS 0x0000000709c00000| PB 0x0000000709c00000| Untracked 
|  33|0x0000000709e00000, 0x0000000709e00000, 0x000000070a000000|  0%| F|  |TAMS 0x0000000709e00000| PB 0x0000000709e00000| Untracked 
|  34|0x000000070a000000, 0x000000070a000000, 0x000000070a200000|  0%| F|  |TAMS 0x000000070a000000| PB 0x000000070a000000| Untracked 
|  35|0x000000070a200000, 0x000000070a200000, 0x000000070a400000|  0%| F|  |TAMS 0x000000070a200000| PB 0x000000070a200000| Untracked 
|  36|0x000000070a400000, 0x000000070a400000, 0x000000070a600000|  0%| F|  |TAMS 0x000000070a400000| PB 0x000000070a400000| Untracked 
|  37|0x000000070a600000, 0x000000070a659738, 0x000000070a800000| 17%| E|  |TAMS 0x000000070a600000| PB 0x000000070a600000| Complete 
|  38|0x000000070a800000, 0x000000070aa00000, 0x000000070aa00000|100%| E|CS|TAMS 0x000000070a800000| PB 0x000000070a800000| Complete 
|  39|0x000000070aa00000, 0x000000070ac00000, 0x000000070ac00000|100%| E|CS|TAMS 0x000000070aa00000| PB 0x000000070aa00000| Complete 
|  40|0x000000070ac00000, 0x000000070ae00000, 0x000000070ae00000|100%| E|  |TAMS 0x000000070ac00000| PB 0x000000070ac00000| Complete 
|  41|0x000000070ae00000, 0x000000070b000000, 0x000000070b000000|100%| E|CS|TAMS 0x000000070ae00000| PB 0x000000070ae00000| Complete 
|  42|0x000000070b000000, 0x000000070b200000, 0x000000070b200000|100%| E|CS|TAMS 0x000000070b000000| PB 0x000000070b000000| Complete 
|  81|0x000000070fe00000, 0x0000000710000000, 0x0000000710000000|100%| E|CS|TAMS 0x000000070fe00000| PB 0x000000070fe00000| Complete 
|  82|0x0000000710000000, 0x0000000710200000, 0x0000000710200000|100%| E|CS|TAMS 0x0000000710000000| PB 0x0000000710000000| Complete 
|  83|0x0000000710200000, 0x0000000710400000, 0x0000000710400000|100%| E|CS|TAMS 0x0000000710200000| PB 0x0000000710200000| Complete 
|  84|0x0000000710400000, 0x0000000710600000, 0x0000000710600000|100%| E|CS|TAMS 0x0000000710400000| PB 0x0000000710400000| Complete 
| 125|0x0000000715600000, 0x0000000715800000, 0x0000000715800000|100%| E|CS|TAMS 0x0000000715600000| PB 0x0000000715600000| Complete 
|2000|0x00000007ffc00000, 0x00000007ffe00000, 0x00000007ffe00000|100%| E|CS|TAMS 0x00000007ffc00000| PB 0x00000007ffc00000| Complete 
|2001|0x00000007ffe00000, 0x0000000800000000, 0x0000000800000000|100%| E|CS|TAMS 0x00000007ffe00000| PB 0x00000007ffe00000| Complete 

Card table byte_map: [0x000002469fba0000,0x00000246a0380000] _byte_map_base: 0x000002469c372000

Marking Bits: (CMBitMap*) 0x000002468c768d00
 Bits: [0x00000246a0380000, 0x00000246a4210000)

Polling page: 0x000002468a470000

Metaspace:

Usage:
  Non-class:     74.36 MB used.
      Class:     11.31 MB used.
       Both:     85.67 MB used.

Virtual space:
  Non-class space:      128.00 MB reserved,      74.88 MB ( 58%) committed,  2 nodes.
      Class space:        1.00 GB reserved,      11.69 MB (  1%) committed,  1 nodes.
             Both:        1.12 GB reserved,      86.56 MB (  8%) committed. 

Chunk freelists:
   Non-Class:  5.09 MB
       Class:  4.25 MB
        Both:  9.35 MB

MaxMetaspaceSize: unlimited
CompressedClassSpaceSize: 1.00 GB
Initial GC threshold: 21.00 MB
Current GC threshold: 143.06 MB
CDS: on
 - commit_granule_bytes: 65536.
 - commit_granule_words: 8192.
 - virtual_space_node_default_size: 8388608.
 - enlarge_chunks_in_place: 1.
 - use_allocation_guard: 0.


Internal statistics:

num_allocs_failed_limit: 9.
num_arena_births: 1356.
num_arena_deaths: 6.
num_vsnodes_births: 3.
num_vsnodes_deaths: 0.
num_space_committed: 1385.
num_space_uncommitted: 0.
num_chunks_returned_to_freelist: 17.
num_chunks_taken_from_freelist: 4662.
num_chunk_merges: 9.
num_chunk_splits: 3269.
num_chunks_enlarged: 2469.
num_inconsistent_stats: 0.

CodeHeap 'non-profiled nmethods': size=120000Kb used=7212Kb max_used=7212Kb free=112787Kb
 bounds [0x0000024697b60000, 0x0000024698270000, 0x000002469f090000]
CodeHeap 'profiled nmethods': size=120000Kb used=16899Kb max_used=17209Kb free=103100Kb
 bounds [0x0000024690090000, 0x0000024691170000, 0x00000246975c0000]
CodeHeap 'non-nmethods': size=5760Kb used=2050Kb max_used=2109Kb free=3710Kb
 bounds [0x00000246975c0000, 0x0000024697830000, 0x0000024697b60000]
CodeCache: size=245760Kb, used=26161Kb, max_used=26530Kb, free=219597Kb
 total_blobs=8767, nmethods=7994, adapters=676, full_count=0
Compilation: enabled, stopped_count=0, restarted_count=0

Compilation events (20 events):
Event: 367.882 Thread 0x00000246a6c8de30 11607       4       org.springframework.data.repository.core.support.RepositoryComposition$RepositoryFragments$$Lambda/0x00000246a896ad20::test (16 bytes)
Event: 367.883 Thread 0x00000246a6c8ffe0 11608       3       org.hibernate.query.sqm.tree.domain.AbstractSqmPath::getNodeType (11 bytes)
Event: 367.884 Thread 0x00000246a6c8ffe0 nmethod 11608 0x0000024690a90b10 code [0x0000024690a90cc0, 0x0000024690a90f60]
Event: 367.884 Thread 0x00000246ecaa0590 11605       4       org.springframework.data.repository.core.support.MethodLookups$$Lambda/0x00000246a8962ff8::test (6 bytes)
Event: 367.884 Thread 0x00000246a6c8ffe0 11609       1       org.hibernate.query.sqm.tree.jpa.AbstractJpaTupleElement::setExpressibleType (6 bytes)
Event: 367.884 Thread 0x00000246a6c8ffe0 nmethod 11609 0x0000024697eb8f10 code [0x0000024697eb90a0, 0x0000024697eb91b8]
Event: 367.884 Thread 0x00000246a6c8ffe0 11610       1       org.springframework.data.mapping.PropertyPath::getSegment (5 bytes)
Event: 367.884 Thread 0x00000246a6c8ffe0 nmethod 11610 0x0000024697eb8c10 code [0x0000024697eb8da0, 0x0000024697eb8e70]
Event: 367.884 Thread 0x00000246a6c8ffe0 11612       3       java.util.ArrayList$ListItr::<init> (16 bytes)
Event: 367.885 Thread 0x00000246a6c8ffe0 nmethod 11612 0x0000024690fe2c90 code [0x0000024690fe2e40, 0x0000024690fe30e8]
Event: 367.885 Thread 0x00000246a6c8de30 nmethod 11607 0x0000024697eb7e90 code [0x0000024697eb8080, 0x0000024697eb86f0]
Event: 367.885 Thread 0x00000246a6c8de30 11611       4       org.springframework.util.CollectionUtils::isEmpty (19 bytes)
Event: 367.885 Thread 0x00000246a6c8de30 nmethod 11611 0x0000024697eb7b90 code [0x0000024697eb7d20, 0x0000024697eb7dc8]
Event: 367.885 Thread 0x00000246a6c8de30 11606       4       org.springframework.data.repository.core.support.MethodLookups::lambda$direct$0 (45 bytes)
Event: 367.886 Thread 0x00000246ecaa0590 nmethod 11605 0x0000024697eb7210 code [0x0000024697eb73e0, 0x0000024697eb7840]
Event: 367.886 Thread 0x00000246ecaa0590 11603       4       java.util.stream.ReferencePipeline$7::opWrapSink (10 bytes)
Event: 367.887 Thread 0x00000246ecaa0590 nmethod 11603 0x0000024697eb6d10 code [0x0000024697eb6ea0, 0x0000024697eb70d8]
Event: 367.887 Thread 0x00000246ecaa0590 11604       4       java.util.stream.ReferencePipeline$7$1::begin (13 bytes)
Event: 367.888 Thread 0x00000246ecaa0590 nmethod 11604 0x0000024697eb6a10 code [0x0000024697eb6ba0, 0x0000024697eb6c68]
Event: 367.888 Thread 0x00000246a6c8de30 nmethod 11606 0x0000024697eb6190 code [0x0000024697eb6360, 0x0000024697eb6768]

GC Heap History (20 events):
Event: 5.302 GC heap before
{Heap before GC invocations=19 (full 0):
 garbage-first heap   total 81920K, used 70879K [0x0000000705c00000, 0x0000000800000000)
  region size 2048K, 23 young (47104K), 2 survivors (4096K)
 Metaspace       used 67973K, committed 68736K, reserved 1114112K
  class space    used 9136K, committed 9472K, reserved 1048576K
}
Event: 5.306 GC heap after
{Heap after GC invocations=20 (full 0):
 garbage-first heap   total 83968K, used 31189K [0x0000000705c00000, 0x0000000800000000)
  region size 2048K, 3 young (6144K), 3 survivors (6144K)
 Metaspace       used 67973K, committed 68736K, reserved 1114112K
  class space    used 9136K, committed 9472K, reserved 1048576K
}
Event: 14.192 GC heap before
{Heap before GC invocations=20 (full 0):
 garbage-first heap   total 83968K, used 68053K [0x0000000705c00000, 0x0000000800000000)
  region size 2048K, 21 young (43008K), 3 survivors (6144K)
 Metaspace       used 71667K, committed 72320K, reserved 1114112K
  class space    used 9637K, committed 9920K, reserved 1048576K
}
Event: 14.195 GC heap after
{Heap after GC invocations=21 (full 0):
 garbage-first heap   total 102400K, used 32755K [0x0000000705c00000, 0x0000000800000000)
  region size 2048K, 2 young (4096K), 2 survivors (4096K)
 Metaspace       used 71667K, committed 72320K, reserved 1114112K
  class space    used 9637K, committed 9920K, reserved 1048576K
}
Event: 14.799 GC heap before
{Heap before GC invocations=21 (full 0):
 garbage-first heap   total 102400K, used 90099K [0x0000000705c00000, 0x0000000800000000)
  region size 2048K, 30 young (61440K), 2 survivors (4096K)
 Metaspace       used 76358K, committed 77184K, reserved 1179648K
  class space    used 10207K, committed 10560K, reserved 1048576K
}
Event: 14.804 GC heap after
{Heap after GC invocations=22 (full 0):
 garbage-first heap   total 102400K, used 38440K [0x0000000705c00000, 0x0000000800000000)
  region size 2048K, 4 young (8192K), 4 survivors (8192K)
 Metaspace       used 76358K, committed 77184K, reserved 1179648K
  class space    used 10207K, committed 10560K, reserved 1048576K
}
Event: 21.048 GC heap before
{Heap before GC invocations=22 (full 0):
 garbage-first heap   total 102400K, used 87592K [0x0000000705c00000, 0x0000000800000000)
  region size 2048K, 28 young (57344K), 4 survivors (8192K)
 Metaspace       used 81647K, committed 82560K, reserved 1179648K
  class space    used 10920K, committed 11328K, reserved 1048576K
}
Event: 21.054 GC heap after
{Heap after GC invocations=23 (full 0):
 garbage-first heap   total 102400K, used 39629K [0x0000000705c00000, 0x0000000800000000)
  region size 2048K, 2 young (4096K), 2 survivors (4096K)
 Metaspace       used 81647K, committed 82560K, reserved 1179648K
  class space    used 10920K, committed 11328K, reserved 1048576K
}
Event: 113.422 GC heap before
{Heap before GC invocations=23 (full 0):
 garbage-first heap   total 102400K, used 88781K [0x0000000705c00000, 0x0000000800000000)
  region size 2048K, 27 young (55296K), 2 survivors (4096K)
 Metaspace       used 85124K, committed 86016K, reserved 1179648K
  class space    used 11372K, committed 11776K, reserved 1048576K
}
Event: 113.427 GC heap after
{Heap after GC invocations=24 (full 0):
 garbage-first heap   total 102400K, used 42194K [0x0000000705c00000, 0x0000000800000000)
  region size 2048K, 3 young (6144K), 3 survivors (6144K)
 Metaspace       used 85124K, committed 86016K, reserved 1179648K
  class space    used 11372K, committed 11776K, reserved 1048576K
}
Event: 224.764 GC heap before
{Heap before GC invocations=25 (full 0):
 garbage-first heap   total 102400K, used 58578K [0x0000000705c00000, 0x0000000800000000)
  region size 2048K, 12 young (24576K), 3 survivors (6144K)
 Metaspace       used 85467K, committed 86336K, reserved 1179648K
  class space    used 11456K, committed 11840K, reserved 1048576K
}
Event: 224.808 GC heap after
{Heap after GC invocations=26 (full 1):
 garbage-first heap   total 102400K, used 35267K [0x0000000705c00000, 0x0000000800000000)
  region size 2048K, 0 young (0K), 0 survivors (0K)
 Metaspace       used 85467K, committed 86336K, reserved 1179648K
  class space    used 11456K, committed 11840K, reserved 1048576K
}
Event: 225.517 GC heap before
{Heap before GC invocations=26 (full 1):
 garbage-first heap   total 102400K, used 86467K [0x0000000705c00000, 0x0000000800000000)
  region size 2048K, 26 young (53248K), 0 survivors (0K)
 Metaspace       used 85870K, committed 86720K, reserved 1179648K
  class space    used 11478K, committed 11840K, reserved 1048576K
}
Event: 225.520 GC heap after
{Heap after GC invocations=27 (full 1):
 garbage-first heap   total 102400K, used 40338K [0x0000000705c00000, 0x0000000800000000)
  region size 2048K, 3 young (6144K), 3 survivors (6144K)
 Metaspace       used 85870K, committed 86720K, reserved 1179648K
  class space    used 11478K, committed 11840K, reserved 1048576K
}
Event: 263.626 GC heap before
{Heap before GC invocations=28 (full 1):
 garbage-first heap   total 102400K, used 85394K [0x0000000705c00000, 0x0000000800000000)
  region size 2048K, 25 young (51200K), 3 survivors (6144K)
 Metaspace       used 86582K, committed 87488K, reserved 1179648K
  class space    used 11511K, committed 11904K, reserved 1048576K
}
Event: 263.629 GC heap after
{Heap after GC invocations=29 (full 1):
 garbage-first heap   total 102400K, used 42250K [0x0000000705c00000, 0x0000000800000000)
  region size 2048K, 2 young (4096K), 2 survivors (4096K)
 Metaspace       used 86582K, committed 87488K, reserved 1179648K
  class space    used 11511K, committed 11904K, reserved 1048576K
}
Event: 360.650 GC heap before
{Heap before GC invocations=29 (full 1):
 garbage-first heap   total 102400K, used 64778K [0x0000000705c00000, 0x0000000800000000)
  region size 2048K, 14 young (28672K), 2 survivors (4096K)
 Metaspace       used 86921K, committed 87872K, reserved 1179648K
  class space    used 11535K, committed 11968K, reserved 1048576K
}
Event: 360.693 GC heap after
{Heap after GC invocations=30 (full 2):
 garbage-first heap   total 102400K, used 35852K [0x0000000705c00000, 0x0000000800000000)
  region size 2048K, 0 young (0K), 0 survivors (0K)
 Metaspace       used 86915K, committed 87872K, reserved 1179648K
  class space    used 11534K, committed 11968K, reserved 1048576K
}
Event: 361.112 GC heap before
{Heap before GC invocations=30 (full 2):
 garbage-first heap   total 102400K, used 85004K [0x0000000705c00000, 0x0000000800000000)
  region size 2048K, 24 young (49152K), 0 survivors (0K)
 Metaspace       used 87167K, committed 88064K, reserved 1179648K
  class space    used 11551K, committed 11968K, reserved 1048576K
}
Event: 361.114 GC heap after
{Heap after GC invocations=31 (full 2):
 garbage-first heap   total 102400K, used 40611K [0x0000000705c00000, 0x0000000800000000)
  region size 2048K, 3 young (6144K), 3 survivors (6144K)
 Metaspace       used 87167K, committed 88064K, reserved 1179648K
  class space    used 11551K, committed 11968K, reserved 1048576K
}

Dll operation events (12 events):
Event: 0.005 Loaded shared library C:\Users\maylo_pqtjsg6\.p2\pool\plugins\org.eclipse.justj.openjdk.hotspot.jre.full.win32.x86_64_21.0.8.v20250724-1412\jre\bin\java.dll
Event: 0.024 Loaded shared library C:\Users\maylo_pqtjsg6\.p2\pool\plugins\org.eclipse.justj.openjdk.hotspot.jre.full.win32.x86_64_21.0.8.v20250724-1412\jre\bin\zip.dll
Event: 0.217 Loaded shared library C:\Users\maylo_pqtjsg6\.p2\pool\plugins\org.eclipse.justj.openjdk.hotspot.jre.full.win32.x86_64_21.0.8.v20250724-1412\jre\bin\instrument.dll
Event: 0.220 Loaded shared library C:\Users\maylo_pqtjsg6\.p2\pool\plugins\org.eclipse.justj.openjdk.hotspot.jre.full.win32.x86_64_21.0.8.v20250724-1412\jre\bin\net.dll
Event: 0.221 Loaded shared library C:\Users\maylo_pqtjsg6\.p2\pool\plugins\org.eclipse.justj.openjdk.hotspot.jre.full.win32.x86_64_21.0.8.v20250724-1412\jre\bin\nio.dll
Event: 0.223 Loaded shared library C:\Users\maylo_pqtjsg6\.p2\pool\plugins\org.eclipse.justj.openjdk.hotspot.jre.full.win32.x86_64_21.0.8.v20250724-1412\jre\bin\zip.dll
Event: 0.337 Loaded shared library C:\Users\maylo_pqtjsg6\.p2\pool\plugins\org.eclipse.justj.openjdk.hotspot.jre.full.win32.x86_64_21.0.8.v20250724-1412\jre\bin\jimage.dll
Event: 0.376 Loaded shared library C:\Users\maylo_pqtjsg6\.p2\pool\plugins\org.eclipse.justj.openjdk.hotspot.jre.full.win32.x86_64_21.0.8.v20250724-1412\jre\bin\verify.dll
Event: 0.653 Loaded shared library C:\Users\maylo_pqtjsg6\.p2\pool\plugins\org.eclipse.justj.openjdk.hotspot.jre.full.win32.x86_64_21.0.8.v20250724-1412\jre\bin\management.dll
Event: 0.655 Loaded shared library C:\Users\maylo_pqtjsg6\.p2\pool\plugins\org.eclipse.justj.openjdk.hotspot.jre.full.win32.x86_64_21.0.8.v20250724-1412\jre\bin\management_ext.dll
Event: 1.612 Loaded shared library C:\Users\maylo_pqtjsg6\.p2\pool\plugins\org.eclipse.justj.openjdk.hotspot.jre.full.win32.x86_64_21.0.8.v20250724-1412\jre\bin\sunmscapi.dll
Event: 3.201 Loaded shared library C:\Users\maylo_pqtjsg6\.p2\pool\plugins\org.eclipse.justj.openjdk.hotspot.jre.full.win32.x86_64_21.0.8.v20250724-1412\jre\bin\extnet.dll

Deoptimization events (20 events):
Event: 367.863 Thread 0x00000246f4889a30 DEOPT PACKING pc=0x00000246910651e4 sp=0x0000006b6ebfabd0
Event: 367.863 Thread 0x00000246f4889a30 DEOPT UNPACKING pc=0x00000246976188e2 sp=0x0000006b6ebfa180 mode 1
Event: 367.863 Thread 0x00000246f4889a30 DEOPT PACKING pc=0x000002469106256c sp=0x0000006b6ebfad40
Event: 367.863 Thread 0x00000246f4889a30 DEOPT UNPACKING pc=0x00000246976188e2 sp=0x0000006b6ebfa2e0 mode 1
Event: 367.863 Thread 0x00000246f4889a30 Uncommon trap: trap_request=0xffffffde fr.pc=0x0000024697d24fb0 relative=0x00000000000004d0
Event: 367.863 Thread 0x00000246f4889a30 Uncommon trap: reason=class_check action=maybe_recompile pc=0x0000024697d24fb0 method=java.lang.reflect.Constructor.newInstanceWithCaller([Ljava/lang/Object;ZLjava/lang/Class;)Ljava/lang/Object; @ 41 c2
Event: 367.863 Thread 0x00000246f4889a30 DEOPT PACKING pc=0x0000024697d24fb0 sp=0x0000006b6ebfcab0
Event: 367.863 Thread 0x00000246f4889a30 DEOPT UNPACKING pc=0x0000024697617da2 sp=0x0000006b6ebfca68 mode 2
Event: 367.863 Thread 0x00000246f4889a30 DEOPT PACKING pc=0x0000024691066939 sp=0x0000006b6ebfc2f0
Event: 367.863 Thread 0x00000246f4889a30 DEOPT UNPACKING pc=0x00000246976188e2 sp=0x0000006b6ebfb7c8 mode 1
Event: 367.863 Thread 0x00000246f4889a30 DEOPT PACKING pc=0x00000246910651e4 sp=0x0000006b6ebfc380
Event: 367.863 Thread 0x00000246f4889a30 DEOPT UNPACKING pc=0x00000246976188e2 sp=0x0000006b6ebfb930 mode 1
Event: 367.863 Thread 0x00000246f4889a30 DEOPT PACKING pc=0x000002469106256c sp=0x0000006b6ebfc4f0
Event: 367.863 Thread 0x00000246f4889a30 DEOPT UNPACKING pc=0x00000246976188e2 sp=0x0000006b6ebfba90 mode 1
Event: 367.883 Thread 0x00000246f4889a30 DEOPT PACKING pc=0x00000246981e51f0 sp=0x0000006b6ebfb420
Event: 367.883 Thread 0x00000246f4889a30 DEOPT UNPACKING pc=0x00000246976188e2 sp=0x0000006b6ebfa7f0 mode 1
Event: 367.884 Thread 0x00000246f4889a30 DEOPT PACKING pc=0x00000246981e51f0 sp=0x0000006b6ebfb420
Event: 367.884 Thread 0x00000246f4889a30 DEOPT UNPACKING pc=0x00000246976188e2 sp=0x0000006b6ebfa7f0 mode 1
Event: 372.816 Thread 0x00000246f4889a30 DEOPT PACKING pc=0x00000246903d2e1c sp=0x0000006b6ebfe0f0
Event: 372.816 Thread 0x00000246f4889a30 DEOPT UNPACKING pc=0x00000246976188e2 sp=0x0000006b6ebfd5a8 mode 0

Classes loaded (20 events):
Event: 198.168 Loading class java/util/stream/ReferencePipeline$4
Event: 198.169 Loading class java/util/stream/ReferencePipeline$4 done
Event: 198.169 Loading class java/util/function/IntBinaryOperator
Event: 198.169 Loading class java/util/function/IntBinaryOperator done
Event: 198.169 Loading class java/util/stream/ReduceOps$7
Event: 198.169 Loading class java/util/stream/ReduceOps$7 done
Event: 198.169 Loading class java/util/stream/ReduceOps$6ReducingSink
Event: 198.169 Loading class java/util/stream/ReduceOps$6ReducingSink done
Event: 198.169 Loading class java/util/stream/ReferencePipeline$4$1
Event: 198.169 Loading class java/util/stream/ReferencePipeline$4$1 done
Event: 224.732 Loading class java/util/concurrent/locks/AbstractQueuedSynchronizer$SharedNode
Event: 224.732 Loading class java/util/concurrent/locks/AbstractQueuedSynchronizer$SharedNode done
Event: 224.808 Loading class java/lang/ref/Finalizer$2
Event: 224.808 Loading class java/lang/ref/Finalizer$2 done
Event: 224.809 Loading class java/lang/ref/Finalizer$1
Event: 224.809 Loading class java/lang/ref/Finalizer$1 done
Event: 240.555 Loading class java/lang/Throwable$WrappedPrintStream
Event: 240.555 Loading class java/lang/Throwable$PrintStreamOrWriter
Event: 240.555 Loading class java/lang/Throwable$PrintStreamOrWriter done
Event: 240.555 Loading class java/lang/Throwable$WrappedPrintStream done

Classes unloaded (3 events):
Event: 113.447 Thread 0x00000246a6c515c0 Unloading class 0x00000246a89b0800 'jdk/internal/reflect/GeneratedSerializationConstructorAccessor1'
Event: 360.663 Thread 0x00000246a6c515c0 Unloading class 0x00000246a8b9d000 'jdk/internal/reflect/GeneratedSerializationConstructorAccessor2'
Event: 360.663 Thread 0x00000246a6c515c0 Unloading class 0x00000246a8b94000 'org/apache/catalina/loader/JdbcLeakPrevention'

Classes redefined (6 events):
Event: 223.502 Thread 0x00000246a6c515c0 redefined class name=com.br.gestaoPedidos.relatorios.controller.RelatorioController, count=1
Event: 359.042 Thread 0x00000246a6c515c0 redefined class name=com.br.gestaoPedidos.relatorios.controller.RelatorioController, count=2
Event: 359.042 Thread 0x00000246a6c515c0 redefined class name=com.br.gestaoPedidos.relatorios.controller.RelatorioController, count=1
Event: 372.837 Thread 0x00000246a6c515c0 redefined class name=com.br.gestaoPedidos.relatorios.controller.RelatorioController, count=3
Event: 372.837 Thread 0x00000246a6c515c0 redefined class name=com.br.gestaoPedidos.relatorios.controller.RelatorioController, count=2
Event: 372.837 Thread 0x00000246a6c515c0 redefined class name=com.br.gestaoPedidos.relatorios.controller.RelatorioController, count=1

Internal exceptions (20 events):
Event: 225.245 Thread 0x00000246efcc8040 Exception <a 'java/lang/NoClassDefFoundError'{0x0000000709d93b70}: org/quartz/Scheduler> (0x0000000709d93b70) 
thrown [s\src\hotspot\share\oops\constantPool.cpp, line 873]
Event: 225.245 Thread 0x00000246efcc8040 Exception <a 'java/lang/NoClassDefFoundError'{0x0000000709d941f0}: org/springframework/session/jdbc/JdbcIndexedSessionRepository> (0x0000000709d941f0) 
thrown [s\src\hotspot\share\oops\constantPool.cpp, line 873]
Event: 225.252 Thread 0x00000246efcc8040 Implicit null exception at 0x0000024698083a71 to 0x00000246980865cc
Event: 225.295 Thread 0x00000246efcc8040 Exception <a 'java/io/FileNotFoundException'{0x0000000709556040}> (0x0000000709556040) 
thrown [s\src\hotspot\share\prims\jni.cpp, line 520]
Event: 225.321 Thread 0x00000246efcc8040 Exception <a 'java/io/FileNotFoundException'{0x00000007090193d0}> (0x00000007090193d0) 
thrown [s\src\hotspot\share\prims\jni.cpp, line 520]
Event: 225.670 Thread 0x00000246efcc8040 Implicit null exception at 0x0000024698147c33 to 0x0000024698148d74
Event: 225.704 Thread 0x00000246efcc8040 Implicit null exception at 0x000002469814438f to 0x00000246981454c8
Event: 360.649 Thread 0x00000246efcc5f70 Exception <a 'java/lang/InterruptedException'{0x000000070a9a1718}: sleep interrupted> (0x000000070a9a1718) 
thrown [s\src\hotspot\share\prims\jvm.cpp, line 3074]
Event: 360.702 Thread 0x00000246f4889a30 Exception <a 'java/lang/NoClassDefFoundError'{0x00000007ffe84ed8}: org/springframework/boot/actuate/autoconfigure/logging/otlp/OtlpLoggingConnectionDetails> (0x00000007ffe84ed8) 
thrown [s\src\hotspot\share\classfile\systemDictionary.cpp, line 301]
Event: 360.703 Thread 0x00000246f4889a30 Exception <a 'java/lang/NoClassDefFoundError'{0x00000007ffe87c40}: org/springframework/boot/actuate/autoconfigure/metrics/export/otlp/OtlpMetricsConnectionDetails> (0x00000007ffe87c40) 
thrown [s\src\hotspot\share\classfile\systemDictionary.cpp, line 301]
Event: 360.703 Thread 0x00000246f4889a30 Exception <a 'java/lang/NoClassDefFoundError'{0x00000007ffe8a600}: org/springframework/boot/actuate/autoconfigure/tracing/otlp/OtlpTracingConnectionDetails> (0x00000007ffe8a600) 
thrown [s\src\hotspot\share\classfile\systemDictionary.cpp, line 301]
Event: 360.705 Thread 0x00000246f4889a30 Exception <a 'java/lang/NoClassDefFoundError'{0x00000007ffe972a8}: org/springframework/boot/actuate/autoconfigure/tracing/zipkin/ZipkinConnectionDetails> (0x00000007ffe972a8) 
thrown [s\src\hotspot\share\classfile\systemDictionary.cpp, line 301]
Event: 360.708 Thread 0x00000246f4889a30 Exception <a 'sun/nio/fs/WindowsException'{0x00000007ffebd658}> (0x00000007ffebd658) 
thrown [s\src\hotspot\share\prims\jni.cpp, line 520]
Event: 361.026 Thread 0x00000246f4889a30 Exception <a 'java/lang/NoClassDefFoundError'{0x0000000709cf2e50}: liquibase/integration/spring/SpringLiquibase> (0x0000000709cf2e50) 
thrown [s\src\hotspot\share\oops\constantPool.cpp, line 873]
Event: 361.028 Thread 0x00000246f4889a30 Exception <a 'java/lang/NoClassDefFoundError'{0x0000000709d25230}: org/jooq/DSLContext> (0x0000000709d25230) 
thrown [s\src\hotspot\share\oops\constantPool.cpp, line 873]
Event: 361.030 Thread 0x00000246f4889a30 Exception <a 'java/lang/NoClassDefFoundError'{0x0000000709d782b8}: org/springframework/batch/core/repository/JobRepository> (0x0000000709d782b8) 
thrown [s\src\hotspot\share\oops\constantPool.cpp, line 873]
Event: 361.031 Thread 0x00000246f4889a30 Exception <a 'java/lang/NoClassDefFoundError'{0x0000000709d78910}: org/quartz/Scheduler> (0x0000000709d78910) 
thrown [s\src\hotspot\share\oops\constantPool.cpp, line 873]
Event: 361.031 Thread 0x00000246f4889a30 Exception <a 'java/lang/NoClassDefFoundError'{0x0000000709d78f90}: org/springframework/session/jdbc/JdbcIndexedSessionRepository> (0x0000000709d78f90) 
thrown [s\src\hotspot\share\oops\constantPool.cpp, line 873]
Event: 361.072 Thread 0x00000246f4889a30 Exception <a 'java/io/FileNotFoundException'{0x0000000709533c10}> (0x0000000709533c10) 
thrown [s\src\hotspot\share\prims\jni.cpp, line 520]
Event: 361.100 Thread 0x00000246f4889a30 Exception <a 'java/io/FileNotFoundException'{0x00000007093f5c70}> (0x00000007093f5c70) 
thrown [s\src\hotspot\share\prims\jni.cpp, line 520]

ZGC Phase Switch (0 events):
No events

VM Operations (20 events):
Event: 367.989 Executing VM operation: get/set locals
Event: 367.989 Executing VM operation: get/set locals done
Event: 367.990 Executing VM operation: get/set locals
Event: 367.990 Executing VM operation: get/set locals done
Event: 367.990 Executing VM operation: get/set locals
Event: 367.990 Executing VM operation: get/set locals done
Event: 367.990 Executing VM operation: get/set locals
Event: 367.990 Executing VM operation: get/set locals done
Event: 367.991 Executing VM operation: get/set locals
Event: 367.991 Executing VM operation: get/set locals done
Event: 372.008 Executing VM operation: Cleanup
Event: 372.008 Executing VM operation: Cleanup done
Event: 372.815 Executing VM operation: ChangeSingleStep
Event: 372.815 Executing VM operation: ChangeSingleStep done
Event: 372.816 Executing VM operation: ChangeSingleStep
Event: 372.816 Executing VM operation: ChangeSingleStep done
Event: 372.827 Executing VM operation: RedefineClasses
Event: 372.855 Executing VM operation: RedefineClasses done
Event: 372.857 Executing VM operation: ChangeSingleStep
Event: 372.857 Executing VM operation: ChangeSingleStep done

Memory protections (0 events):
No events

Nmethod flushes (20 events):
Event: 360.672 Thread 0x00000246a6c515c0 flushing  nmethod 0x0000024690e80610
Event: 360.672 Thread 0x00000246a6c515c0 flushing  nmethod 0x0000024690e81510
Event: 360.672 Thread 0x00000246a6c515c0 flushing  nmethod 0x0000024690ede890
Event: 360.672 Thread 0x00000246a6c515c0 flushing  nmethod 0x0000024690edef10
Event: 360.672 Thread 0x00000246a6c515c0 flushing  nmethod 0x0000024690ee0d10
Event: 360.672 Thread 0x00000246a6c515c0 flushing  nmethod 0x0000024690ee5790
Event: 360.672 Thread 0x00000246a6c515c0 flushing  nmethod 0x0000024690f4e690
Event: 360.672 Thread 0x00000246a6c515c0 flushing  nmethod 0x0000024690f4fd90
Event: 360.672 Thread 0x00000246a6c515c0 flushing  nmethod 0x0000024690f51690
Event: 360.672 Thread 0x00000246a6c515c0 flushing  nmethod 0x0000024690f51a10
Event: 360.672 Thread 0x00000246a6c515c0 flushing  nmethod 0x0000024690f52510
Event: 360.672 Thread 0x00000246a6c515c0 flushing  nmethod 0x0000024690f55310
Event: 360.672 Thread 0x00000246a6c515c0 flushing  nmethod 0x0000024690f91090
Event: 360.672 Thread 0x00000246a6c515c0 flushing  nmethod 0x0000024690f92390
Event: 360.672 Thread 0x00000246a6c515c0 flushing  nmethod 0x0000024690f95e90
Event: 360.672 Thread 0x00000246a6c515c0 flushing  nmethod 0x0000024690fd3e10
Event: 360.672 Thread 0x00000246a6c515c0 flushing  nmethod 0x0000024690fd4210
Event: 360.672 Thread 0x00000246a6c515c0 flushing  nmethod 0x0000024690fd4790
Event: 360.672 Thread 0x00000246a6c515c0 flushing  nmethod 0x0000024690fd6f10
Event: 360.672 Thread 0x00000246a6c515c0 flushing  nmethod 0x000002469101d990

Events (20 events):
Event: 360.647 Thread 0x00000246f488a0c0 Thread exited: 0x00000246f488a0c0
Event: 360.649 Thread 0x00000246efcc5f70 Thread exited: 0x00000246efcc5f70
Event: 360.693 Thread 0x00000246f488ceb0 Thread added: 0x00000246f4889a30
Event: 360.693 Thread 0x00000246efcc93f0 Thread exited: 0x00000246efcc93f0
Event: 360.694 Thread 0x00000246efcc6c90 Thread exited: 0x00000246efcc6c90
Event: 360.694 Thread 0x00000246f4889a30 Thread exited: 0x00000246f4889a30
Event: 360.694 Thread 0x00000246f488ceb0 Thread added: 0x00000246f4889a30
Event: 360.720 Thread 0x00000246a6c8ffe0 Thread added: 0x00000246eca9e380
Event: 360.730 Thread 0x00000246a6c8ffe0 Thread added: 0x00000246ecaa0c60
Event: 360.764 Thread 0x00000246f4889a30 Thread added: 0x00000246f488a0c0
Event: 360.791 Thread 0x00000246f488a0c0 Thread exited: 0x00000246f488a0c0
Event: 361.100 Thread 0x00000246f4889a30 Thread added: 0x00000246f488bb00
Event: 361.100 Thread 0x00000246f4889a30 Thread added: 0x00000246f4888680
Event: 361.101 Thread 0x00000246f4889a30 Thread added: 0x00000246f4888d10
Event: 361.177 Thread 0x00000246f4889a30 Thread added: 0x00000246f488e260
Event: 361.191 Thread 0x00000246f4889a30 Thread added: 0x00000246f488f610
Event: 361.715 Thread 0x00000246ecaa0c60 Thread exited: 0x00000246ecaa0c60
Event: 361.715 Thread 0x00000246eca9e380 Thread exited: 0x00000246eca9e380
Event: 367.435 Thread 0x00000246f488f610 Thread exited: 0x00000246f488f610
Event: 367.884 Thread 0x00000246a6c8ffe0 Thread added: 0x00000246ecaa0590


Dynamic libraries:
0x00007ff7af290000 - 0x00007ff7af29e000 	C:\Users\maylo_pqtjsg6\.p2\pool\plugins\org.eclipse.justj.openjdk.hotspot.jre.full.win32.x86_64_21.0.8.v20250724-1412\jre\bin\javaw.exe
0x00007ffbed4a0000 - 0x00007ffbed707000 	C:\WINDOWS\SYSTEM32\ntdll.dll
0x00007ffbec7d0000 - 0x00007ffbec899000 	C:\WINDOWS\System32\KERNEL32.DLL
0x00007ffbea9f0000 - 0x00007ffbeade0000 	C:\WINDOWS\System32\KERNELBASE.dll
0x00007ffbeb030000 - 0x00007ffbeb17b000 	C:\WINDOWS\System32\ucrtbase.dll
0x00007ffbced30000 - 0x00007ffbced48000 	C:\Users\maylo_pqtjsg6\.p2\pool\plugins\org.eclipse.justj.openjdk.hotspot.jre.full.win32.x86_64_21.0.8.v20250724-1412\jre\bin\jli.dll
0x00007ffbe2d10000 - 0x00007ffbe2d2e000 	C:\Users\maylo_pqtjsg6\.p2\pool\plugins\org.eclipse.justj.openjdk.hotspot.jre.full.win32.x86_64_21.0.8.v20250724-1412\jre\bin\VCRUNTIME140.dll
0x00007ffbec380000 - 0x00007ffbec545000 	C:\WINDOWS\System32\USER32.dll
0x00007ffbeadf0000 - 0x00007ffbeae17000 	C:\WINDOWS\System32\win32u.dll
0x00007ffbc8500000 - 0x00007ffbc879a000 	C:\WINDOWS\WinSxS\amd64_microsoft.windows.common-controls_6595b64144ccf1df_6.0.26100.4768_none_3e0c112ce331287c\COMCTL32.dll
0x00007ffbec550000 - 0x00007ffbec57b000 	C:\WINDOWS\System32\GDI32.dll
0x00007ffbec8a0000 - 0x00007ffbec949000 	C:\WINDOWS\System32\msvcrt.dll
0x00007ffbea7f0000 - 0x00007ffbea928000 	C:\WINDOWS\System32\gdi32full.dll
0x00007ffbeb180000 - 0x00007ffbeb223000 	C:\WINDOWS\System32\msvcp_win.dll
0x00007ffbeccb0000 - 0x00007ffbeccdf000 	C:\WINDOWS\System32\IMM32.DLL
0x00007ffbe3270000 - 0x00007ffbe327c000 	C:\Users\maylo_pqtjsg6\.p2\pool\plugins\org.eclipse.justj.openjdk.hotspot.jre.full.win32.x86_64_21.0.8.v20250724-1412\jre\bin\vcruntime140_1.dll
0x00007ffb81e60000 - 0x00007ffb81eed000 	C:\Users\maylo_pqtjsg6\.p2\pool\plugins\org.eclipse.justj.openjdk.hotspot.jre.full.win32.x86_64_21.0.8.v20250724-1412\jre\bin\msvcp140.dll
0x00007ffb51570000 - 0x00007ffb52307000 	C:\Users\maylo_pqtjsg6\.p2\pool\plugins\org.eclipse.justj.openjdk.hotspot.jre.full.win32.x86_64_21.0.8.v20250724-1412\jre\bin\server\jvm.dll
0x00007ffbec150000 - 0x00007ffbec204000 	C:\WINDOWS\System32\ADVAPI32.dll
0x00007ffbec720000 - 0x00007ffbec7c6000 	C:\WINDOWS\System32\sechost.dll
0x00007ffbeba90000 - 0x00007ffbebba8000 	C:\WINDOWS\System32\RPCRT4.dll
0x00007ffbed230000 - 0x00007ffbed2a4000 	C:\WINDOWS\System32\WS2_32.dll
0x00007ffbdecf0000 - 0x00007ffbded25000 	C:\WINDOWS\SYSTEM32\WINMM.dll
0x00007ffbea430000 - 0x00007ffbea48e000 	C:\WINDOWS\SYSTEM32\POWRPROF.dll
0x00007ffbd8670000 - 0x00007ffbd867b000 	C:\WINDOWS\SYSTEM32\VERSION.dll
0x00007ffbea410000 - 0x00007ffbea424000 	C:\WINDOWS\SYSTEM32\UMPDC.dll
0x00007ffbe9350000 - 0x00007ffbe936b000 	C:\WINDOWS\SYSTEM32\kernel.appcore.dll
0x00007ffbd5ee0000 - 0x00007ffbd5eea000 	C:\Users\maylo_pqtjsg6\.p2\pool\plugins\org.eclipse.justj.openjdk.hotspot.jre.full.win32.x86_64_21.0.8.v20250724-1412\jre\bin\jimage.dll
0x00007ffbe7cf0000 - 0x00007ffbe7f31000 	C:\WINDOWS\SYSTEM32\DBGHELP.DLL
0x00007ffbebdc0000 - 0x00007ffbec145000 	C:\WINDOWS\System32\combase.dll
0x00007ffbec950000 - 0x00007ffbeca30000 	C:\WINDOWS\System32\OLEAUT32.dll
0x00007ffbd0010000 - 0x00007ffbd0053000 	C:\WINDOWS\SYSTEM32\dbgcore.DLL
0x00007ffbea750000 - 0x00007ffbea7e9000 	C:\WINDOWS\System32\bcryptPrimitives.dll
0x00007ffba7810000 - 0x00007ffba784c000 	C:\Users\maylo_pqtjsg6\.p2\pool\plugins\org.eclipse.justj.openjdk.hotspot.jre.full.win32.x86_64_21.0.8.v20250724-1412\jre\bin\jdwp.dll
0x00007ffbcf830000 - 0x00007ffbcf83f000 	C:\Users\maylo_pqtjsg6\.p2\pool\plugins\org.eclipse.justj.openjdk.hotspot.jre.full.win32.x86_64_21.0.8.v20250724-1412\jre\bin\instrument.dll
0x00007ffbcf1b0000 - 0x00007ffbcf1cf000 	C:\Users\maylo_pqtjsg6\.p2\pool\plugins\org.eclipse.justj.openjdk.hotspot.jre.full.win32.x86_64_21.0.8.v20250724-1412\jre\bin\java.dll
0x00007ffbeb340000 - 0x00007ffbeba8d000 	C:\WINDOWS\System32\SHELL32.dll
0x00007ffbea5d0000 - 0x00007ffbea743000 	C:\WINDOWS\System32\wintypes.dll
0x00007ffbe81d0000 - 0x00007ffbe8a30000 	C:\WINDOWS\SYSTEM32\windows.storage.dll
0x00007ffbed2c0000 - 0x00007ffbed3b5000 	C:\WINDOWS\System32\SHCORE.dll
0x00007ffbec580000 - 0x00007ffbec5ea000 	C:\WINDOWS\System32\shlwapi.dll
0x00007ffbea4f0000 - 0x00007ffbea519000 	C:\WINDOWS\SYSTEM32\profapi.dll
0x00007ffbcd8d0000 - 0x00007ffbcd8e8000 	C:\Users\maylo_pqtjsg6\.p2\pool\plugins\org.eclipse.justj.openjdk.hotspot.jre.full.win32.x86_64_21.0.8.v20250724-1412\jre\bin\zip.dll
0x00007ffbcf4d0000 - 0x00007ffbcf4db000 	C:\Users\maylo_pqtjsg6\.p2\pool\plugins\org.eclipse.justj.openjdk.hotspot.jre.full.win32.x86_64_21.0.8.v20250724-1412\jre\bin\dt_socket.dll
0x00007ffbe8db0000 - 0x00007ffbe8de3000 	C:\WINDOWS\SYSTEM32\IPHLPAPI.DLL
0x00007ffbe98e0000 - 0x00007ffbe994b000 	C:\WINDOWS\system32\mswsock.dll
0x00007ffbe8e50000 - 0x00007ffbe8f76000 	C:\WINDOWS\SYSTEM32\DNSAPI.dll
0x00007ffbed450000 - 0x00007ffbed45a000 	C:\WINDOWS\System32\NSI.dll
0x00007ffbdea10000 - 0x00007ffbdea1b000 	C:\Windows\System32\rasadhlp.dll
0x00007ffbe1570000 - 0x00007ffbe15f6000 	C:\WINDOWS\System32\fwpuclnt.dll
0x00007ffbcf5e0000 - 0x00007ffbcf5f0000 	C:\Users\maylo_pqtjsg6\.p2\pool\plugins\org.eclipse.justj.openjdk.hotspot.jre.full.win32.x86_64_21.0.8.v20250724-1412\jre\bin\net.dll
0x00007ffbde430000 - 0x00007ffbde54e000 	C:\WINDOWS\SYSTEM32\WINHTTP.dll
0x00007ffbcd820000 - 0x00007ffbcd836000 	C:\Users\maylo_pqtjsg6\.p2\pool\plugins\org.eclipse.justj.openjdk.hotspot.jre.full.win32.x86_64_21.0.8.v20250724-1412\jre\bin\nio.dll
0x00007ffbcf4b0000 - 0x00007ffbcf4c0000 	C:\Users\maylo_pqtjsg6\.p2\pool\plugins\org.eclipse.justj.openjdk.hotspot.jre.full.win32.x86_64_21.0.8.v20250724-1412\jre\bin\verify.dll
0x00007ffbcf4c0000 - 0x00007ffbcf4ca000 	C:\Users\maylo_pqtjsg6\.p2\pool\plugins\org.eclipse.justj.openjdk.hotspot.jre.full.win32.x86_64_21.0.8.v20250724-1412\jre\bin\management.dll
0x00007ffbcf450000 - 0x00007ffbcf45b000 	C:\Users\maylo_pqtjsg6\.p2\pool\plugins\org.eclipse.justj.openjdk.hotspot.jre.full.win32.x86_64_21.0.8.v20250724-1412\jre\bin\management_ext.dll
0x00007ffbed2b0000 - 0x00007ffbed2b8000 	C:\WINDOWS\System32\PSAPI.DLL
0x00007ffbcf440000 - 0x00007ffbcf44e000 	C:\Users\maylo_pqtjsg6\.p2\pool\plugins\org.eclipse.justj.openjdk.hotspot.jre.full.win32.x86_64_21.0.8.v20250724-1412\jre\bin\sunmscapi.dll
0x00007ffbeae20000 - 0x00007ffbeaf97000 	C:\WINDOWS\System32\CRYPT32.dll
0x00007ffbe9dc0000 - 0x00007ffbe9df0000 	C:\WINDOWS\SYSTEM32\ncrypt.dll
0x00007ffbe9d70000 - 0x00007ffbe9daf000 	C:\WINDOWS\SYSTEM32\NTASN1.dll
0x00007ffbe9bb0000 - 0x00007ffbe9bcb000 	C:\WINDOWS\SYSTEM32\CRYPTSP.dll
0x00007ffbe92b0000 - 0x00007ffbe92eb000 	C:\WINDOWS\system32\rsaenh.dll
0x00007ffbe9980000 - 0x00007ffbe99ab000 	C:\WINDOWS\SYSTEM32\USERENV.dll
0x00007ffbea4c0000 - 0x00007ffbea4e6000 	C:\WINDOWS\SYSTEM32\bcrypt.dll
0x00007ffbe9ba0000 - 0x00007ffbe9bac000 	C:\WINDOWS\SYSTEM32\CRYPTBASE.dll
0x00007ffbcef40000 - 0x00007ffbcef49000 	C:\Users\maylo_pqtjsg6\.p2\pool\plugins\org.eclipse.justj.openjdk.hotspot.jre.full.win32.x86_64_21.0.8.v20250724-1412\jre\bin\extnet.dll
0x00007ffb373d0000 - 0x00007ffb373d8000 	C:\WINDOWS\system32\wshunix.dll

JVMTI agents:
jdwp path:C:\Users\maylo_pqtjsg6\.p2\pool\plugins\org.eclipse.justj.openjdk.hotspot.jre.full.win32.x86_64_21.0.8.v20250724-1412\jre\bin\jdwp.dll, loaded, initialized, options:transport=dt_socket,suspend=y,address=localhost:52347
C:\Users\maylo_pqtjsg6\eclipse\java-2025-06\eclipse\configuration\org.eclipse.osgi\640\0\.cp\lib\javaagent-shaded.jar path:C:\Users\maylo_pqtjsg6\.p2\pool\plugins\org.eclipse.justj.openjdk.hotspot.jre.full.win32.x86_64_21.0.8.v20250724-1412\jre\bin\instrument.dll, loaded, initialized, instrumentlib options:none

dbghelp: loaded successfully - version: 4.0.5 - missing functions: none
symbol engine: initialized successfully - sym options: 0x614 - pdb path: .;C:\Users\maylo_pqtjsg6\.p2\pool\plugins\org.eclipse.justj.openjdk.hotspot.jre.full.win32.x86_64_21.0.8.v20250724-1412\jre\bin;C:\WINDOWS\SYSTEM32;C:\WINDOWS\WinSxS\amd64_microsoft.windows.common-controls_6595b64144ccf1df_6.0.26100.4768_none_3e0c112ce331287c;C:\Users\maylo_pqtjsg6\.p2\pool\plugins\org.eclipse.justj.openjdk.hotspot.jre.full.win32.x86_64_21.0.8.v20250724-1412\jre\bin\server

VM Arguments:
jvm_args: -XX:+ShowCodeDetailsInExceptionMessages -agentlib:jdwp=transport=dt_socket,suspend=y,address=localhost:52347 -javaagent:C:\Users\maylo_pqtjsg6\eclipse\java-2025-06\eclipse\configuration\org.eclipse.osgi\640\0\.cp\lib\javaagent-shaded.jar -Dfile.encoding=UTF-8 -Dstdout.encoding=UTF-8 -Dstderr.encoding=UTF-8 
java_command: com.br.gestaoPedidos.GestaoPedidosApplication -Dspring.profiles.active=dev
java_class_path (initial): C:\Users\maylo_pqtjsg6\Documents\Mayara\teste-tecnico\backend\27487-gestao-pedidos-api\target\classes;C:\Users\maylo_pqtjsg6\.m2\repository\org\springdoc\springdoc-openapi-starter-webmvc-ui\2.7.0\springdoc-openapi-starter-webmvc-ui-2.7.0.jar;C:\Users\maylo_pqtjsg6\.m2\repository\org\springdoc\springdoc-openapi-starter-webmvc-api\2.7.0\springdoc-openapi-starter-webmvc-api-2.7.0.jar;C:\Users\maylo_pqtjsg6\.m2\repository\org\springdoc\springdoc-openapi-starter-common\2.7.0\springdoc-openapi-starter-common-2.7.0.jar;C:\Users\maylo_pqtjsg6\.m2\repository\io\swagger\core\v3\swagger-core-jakarta\2.2.25\swagger-core-jakarta-2.2.25.jar;C:\Users\maylo_pqtjsg6\.m2\repository\org\apache\commons\commons-lang3\3.17.0\commons-lang3-3.17.0.jar;C:\Users\maylo_pqtjsg6\.m2\repository\io\swagger\core\v3\swagger-annotations-jakarta\2.2.25\swagger-annotations-jakarta-2.2.25.jar;C:\Users\maylo_pqtjsg6\.m2\repository\io\swagger\core\v3\swagger-models-jakarta\2.2.25\swagger-models-jakarta-2.2.25.jar;C:\Users\maylo_pqtjsg6\.m2\repository\com\fasterxml\jackson\dataformat\jackson-dataformat-yaml\2.19.2\jackson-dataformat-yaml-2.19.2.jar;C:\Users\maylo_pqtjsg6\.m2\repository\org\webjars\swagger-ui\5.18.2\swagger-ui-5.18.2.jar;C:\Users\maylo_pqtjsg6\.m2\repository\org\webjars\webjars-locator-lite\1.1.0\webjars-locator-lite-1.1.0.jar;C:\Users\maylo_pqtjsg6\.m2\repository\org\jspecify\jspecify\1.0.0\jspecify-1.0.0.jar;C:\Users\maylo_pqtjsg6\.m2\repository\org\springframework\boot\spring-boot-starter-validation\3.5.4\spring-boot-starter-validation-3.5.4.jar;C:\Users\maylo_pqtjsg6\.m2\repository\org\springframework\boot\spring-boot-starter\3.5.4\spring-boot-starter-3.5.4.jar;C:\Users\maylo_pqtjsg6\.m2\repository\org\springframework\boot\spring-boot-starter-logging\3.5.4\spring-boot-starter-logging-3.5.4.jar;C:\Users\maylo_pqtjsg6\.m2\repository\ch\qos\logback\logback-classic\1.5.18\logback-classic-1.5.18.jar;C:\Users\maylo_pqtjsg6\.m2\repository\ch\qos\logback\logback-core\1.5.18\logback-core-1.5.18.jar;C:\Users\maylo_pqtjsg6\.m2\repository\org\apache\logging\log4j\log4j-to-slf4j\2.24.3\log4j-to-slf4j-2.24.3.jar;C:\Users\maylo_pqtjsg6\.m2\repository\org\apache\logging\log4j\log4j-api\2.24.3\log4j-api-2.24.3.jar;C:\Users\maylo_pqtjsg6\.m2\repository\org\slf4j\jul-to-slf4j\2.0.17\jul-to-slf4j-2.0.17.jar;C:\Users\maylo_pqtjsg6\.m2\repository\jakarta\annotation\jakarta.annotation-api\2.1.1\jakarta.annotation-api-2.1.1.jar;C:\Users\maylo_pqtjsg6\.m2\repository\org\yaml\snakeyaml\2.4\snakeyaml-2.4.jar;C:\Users\maylo_pqtjsg6\.m2\repository\org\apache\tomcat\embed\tomcat-embed-el\10.1.43\tomcat-embed-el-10.1.43.jar;C:\Users\maylo_pqtjsg6\.m2\repository\org\hibernate\validator\hibernate-validator\8.0.2.Final\hibernate-validator-8.0.2.Final.jar;C:\Users\maylo_pqtjsg6\.m2\repository\jakarta\validation\jakarta.validation-api\3.0.2\jakarta.validation-api-3.0.2.jar;C:\Users\maylo_pqtjsg6\.m2\repository\org\jboss\logging\jboss-logging\3.6.1.Final\jboss-logging-3.6.1.Final.jar;C:\Users\maylo_pqtjsg6\.m2\repository\com\fasterxml\classmate\1.7.0\classmate-1.7.0.jar;C:\Users\maylo_pqtjsg6\.m2\repository\org\springframework\boot\spring-boot-starter-amqp\3.5.4\spring-boot-starter-amqp-3.5.4.jar;C:\Users\maylo_pqtjsg6\.m2\repository\org\springframework\spring-messaging\6.2.9\spring-messaging-6.2.9.jar;C:\Users\maylo_pqtjsg6\.m2\repository\org\springframework\spring-beans\6.2.9\spring-beans-6.2.9.jar;C:\Users\maylo_pqtjsg6\.m2\repository\org\springframework\amqp\spring-rabbit\3.2.6\spring-rabbit-3.2.6.jar;C:\Users\maylo_pqtjsg6\.m2\repository\org\springframework\amqp\spring-amqp\3.2.6\spring-amqp-3.2.6.jar;C:\Users\maylo_pqtjsg6\.m2\repository\org\springframework\retry\spring-retry\2.0.12\spring-retry-2.0.12.jar;C:\Users\maylo_pqtjsg6\.m2\repository\com\rabbitmq\amqp-client\5.25.0\amqp-client-5.25.0.jar;C:\Users\maylo_pqtjsg6\.m2\repository\org\springframework\spring-context\6.2.9\spring-context-6.2.9.jar;C:\Users\maylo_pqtjsg6\.m2\repository\org\springframework\spring-tx\6.2.9\spring-tx-6.2.9.jar;C:\Users\maylo_pqtjsg6\.m2\repository\io\micrometer\micrometer-observation\1.15.2\micrometer-observation-1.15.2.jar;C:\Users\maylo_pqtjsg6\.m2\repository\io\micrometer\micrometer-commons\1.15.2\micrometer-commons-1.15.2.jar;C:\Users\maylo_pqtjsg6\.m2\repository\org\springframework\boot\spring-boot-starter-data-jpa\3.5.4\spring-boot-starter-data-jpa-3.5.4.jar;C:\Users\maylo_pqtjsg6\.m2\repository\org\springframework\boot\spring-boot-starter-jdbc\3.5.4\spring-boot-starter-jdbc-3.5.4.jar;C:\Users\maylo_pqtjsg6\.m2\repository\com\zaxxer\HikariCP\6.3.1\HikariCP-6.3.1.jar;C:\Users\maylo_pqtjsg6\.m2\repository\org\springframework\spring-jdbc\6.2.9\spring-jdbc-6.2.9.jar;C:\Users\maylo_pqtjsg6\.m2\repository\org\hibernate\orm\hibernate-core\6.6.22.Final\hibernate-core-6.6.22.Final.jar;C:\Users\maylo_pqtjsg6\.m2\repository\jakarta\persistence\jakarta.persistence-api\3.1.0\jakarta.persistence-api-3.1.0.jar;C:\Users\maylo_pqtjsg6\.m2\repository\jakarta\transaction\jakarta.transaction-api\2.0.1\jakarta.transaction-api-2.0.1.jar;C:\Users\maylo_pqtjsg6\.m2\repository\org\hibernate\common\hibernate-commons-annotations\7.0.3.Final\hibernate-commons-annotations-7.0.3.Final.jar;C:\Users\maylo_pqtjsg6\.m2\repository\io\smallrye\jandex\3.2.0\jandex-3.2.0.jar;C:\Users\maylo_pqtjsg6\.m2\repository\net\bytebuddy\byte-buddy\1.17.6\byte-buddy-1.17.6.jar;C:\Users\maylo_pqtjsg6\.m2\repository\org\glassfish\jaxb\jaxb-runtime\4.0.5\jaxb-runtime-4.0.5.jar;C:\Users\maylo_pqtjsg6\.m2\repository\org\glassfish\jaxb\jaxb-core\4.0.5\jaxb-core-4.0.5.jar;C:\Users\maylo_pqtjsg6\.m2\repository\org\eclipse\angus\angus-activation\2.0.2\angus-activation-2.0.2.jar;C:\Users\maylo_pqtjsg6\.m2\repository\org\glassfish\jaxb\txw2\4.0.5\txw2-4.0.5.jar;C:\Users\maylo_pqtjsg6\.m2\repository\com\sun\istack\istack-commons-runtime\4.1.2\istack-commons-runtime-4.1.2.jar;C:\Users\maylo_pqtjsg6\.m2\repository\jakarta\inject\jakarta.inject-api\2.0.1\jakarta.inject-api-2.0.1.jar;C:\Users\maylo_pqtjsg6\.m2\repository\org\antlr\antlr4-runtime\4.13.0\antlr4-runtime-4.13.0.jar;C:\Users\maylo_pqtjsg6\.m2\repository\org\springframework\data\spring-data-jpa\3.5.2\spring-data-jpa-3.5.2.jar;C:\Users\maylo_pqtjsg6\.m2\repository\org\springframework\data\spring-data-commons\3.5.2\spring-data-commons-3.5.2.jar;C:\Users\maylo_pqtjsg6\.m2\repository\org\springframework\spring-orm\6.2.9\spring-orm-6.2.9.jar;C:\Users\maylo_pqtjsg6\.m2\repository\org\springframework\spring-aop\6.2.9\spring-aop-6.2.9.jar;C:\Users\maylo_pqtjsg6\.m2\repository\org\slf4j\slf4j-api\2.0.17\slf4j-api-2.0.17.jar;C:\Users\maylo_pqtjsg6\.m2\repository\org\springframework\spring-aspects\6.2.9\spring-aspects-6.2.9.jar;C:\Users\maylo_pqtjsg6\.m2\repository\org\aspectj\aspectjweaver\1.9.24\aspectjweaver-1.9.24.jar;C:\Users\maylo_pqtjsg6\.m2\repository\org\springframework\boot\spring-boot-starter-web\3.5.4\spring-boot-starter-web-3.5.4.jar;C:\Users\maylo_pqtjsg6\.m2\repository\org\springframework\boot\spring-boot-starter-json\3.5.4\spring-boot-starter-json-3.5.4.jar;C:\Users\maylo_pqtjsg6\.m2\repository\com\fasterxml\jackson\datatype\jackson-datatype-jdk8\2.19.2\jackson-datatype-jdk8-2.19.2.jar;C:\Users\maylo_pqtjsg6\.m2\repository\com\fasterxml\jackson\datatype\jackson-datatype-jsr310\2.19.2\jackson-datatype-jsr310-2.19.2.jar;C:\Users\maylo_pqtjsg6\.m2\repository\org\springframework\boot\spring-boot-starter-tomcat\3.5.4\spring-boot-starter-tomcat-3.5.4.jar;C:\Users\maylo_pqtjsg6\.m2\repository\org\apache\tomcat\embed\tomcat-embed-core\10.1.43\tomcat-embed-core-10.1.43.jar;C:\Users\maylo_pqtjsg6\.m2\repository\org\apache\tomcat\embed\tomcat-embed-websocket\10.1.43\tomcat-embed-websocket-10.1.43.jar;C:\Users\maylo_pqtjsg6\.m2\repository\org\springframework\spring-web\6.2.9\spring-web-6.2.9.jar;C:\Users\maylo_pqtjsg6\.m2\repository\org\springframework\spring-webmvc\6.2.9\spring-webmvc-6.2.9.jar;C:\Users\maylo_pqtjsg6\.m2\repository\org\springframework\spring-expression\6.2.9\spring-expression-6.2.9.jar;C:\Users\maylo_pqtjsg6\.m2\repository\org\flywaydb\flyway-core\9.22.3\flyway-core-9.22.3.jar;C:\Users\maylo_pqtjsg6\.m2\repository\com\fasterxml\jackson\dataformat\jackson-dataformat-toml\2.19.2\jackson-dataformat-toml-2.19.2.jar;C:\Users\maylo_pqtjsg6\.m2\repository\com\google\code\gson\gson\2.13.1\gson-2.13.1.jar;C:\Users\maylo_pqtjsg6\.m2\repository\com\google\errorprone\error_prone_annotations\2.38.0\error_prone_annotations-2.38.0.jar;C:\Users\maylo_pqtjsg6\.m2\repository\org\springframework\boot\spring-boot-devtools\3.5.4\spring-boot-devtools-3.5.4.jar;C:\Users\maylo_pqtjsg6\.m2\repository\org\springframework\boot\spring-boot\3.5.4\spring-boot-3.5.4.jar;C:\Users\maylo_pqtjsg6\.m2\repository\org\springframework\boot\spring-boot-autoconfigure\3.5.4\spring-boot-autoconfigure-3.5.4.jar;C:\Users\maylo_pqtjsg6\.m2\repository\org\springframework\boot\spring-boot-docker-compose\3.5.4\spring-boot-docker-compose-3.5.4.jar;C:\Users\maylo_pqtjsg6\.m2\repository\com\fasterxml\jackson\core\jackson-databind\2.19.2\jackson-databind-2.19.2.jar;C:\Users\maylo_pqtjsg6\.m2\repository\com\fasterxml\jackson\module\jackson-module-parameter-names\2.19.2\jackson-module-parameter-names-2.19.2.jar;C:\Users\maylo_pqtjsg6\.m2\repository\com\h2database\h2\2.3.232\h2-2.3.232.jar;C:\Users\maylo_pqtjsg6\.m2\repository\org\projectlombok\lombok\1.18.30\lombok-1.18.30.jar;C:\Users\maylo_pqtjsg6\.m2\repository\org\mapstruct\mapstruct\1.5.5.Final\mapstruct-1.5.5.Final.jar;C:\Users\maylo_pqtjsg6\.m2\repository\org\mapstruct\mapstruct-processor\1.5.5.Final\mapstruct-processor-1.5.5.Final.jar;C:\Users\maylo_pqtjsg6\.m2\repository\jakarta\xml\bind\jakarta.xml.bind-api\4.0.2\jakarta.xml.bind-api-4.0.2.jar;C:\Users\maylo_pqtjsg6\.m2\repository\jakarta\activation\jakarta.activation-api\2.1.3\jakarta.activation-api-2.1.3.jar;C:\Users\maylo_pqtjsg6\.m2\repository\org\springframework\spring-core\6.2.9\spring-core-6.2.9.jar;C:\Users\maylo_pqtjsg6\.m2\repository\org\springframework\spring-jcl\6.2.9\spring-jcl-6.2.9.jar;C:\Users\maylo_pqtjsg6\.m2\repository\net\sf\jasperreports\jasperreports\7.0.2\jasperreports-7.0.2.jar;C:\Users\maylo_pqtjsg6\.m2\repository\commons-logging\commons-logging\1.3.0\commons-logging-1.3.0.jar;C:\Users\maylo_pqtjsg6\.m2\repository\org\apache\commons\commons-collections4\4.4\commons-collections4-4.4.jar;C:\Users\maylo_pqtjsg6\.m2\repository\com\fasterxml\jackson\core\jackson-core\2.19.2\jackson-core-2.19.2.jar;C:\Users\maylo_pqtjsg6\.m2\repository\com\fasterxml\jackson\core\jackson-annotations\2.19.2\jackson-annotations-2.19.2.jar;C:\Users\maylo_pqtjsg6\.m2\repository\com\fasterxml\jackson\dataformat\jackson-dataformat-xml\2.19.2\jackson-dataformat-xml-2.19.2.jar;C:\Users\maylo_pqtjsg6\.m2\repository\org\codehaus\woodstox\stax2-api\4.2.2\stax2-api-4.2.2.jar;C:\Users\maylo_pqtjsg6\.m2\repository\com\fasterxml\woodstox\woodstox-core\7.1.1\woodstox-core-7.1.1.jar;C:\Users\maylo_pqtjsg6\.m2\repository\org\apache\xmlgraphics\batik-anim\1.18\batik-anim-1.18.jar;C:\Users\maylo_pqtjsg6\.m2\repository\org\apache\xmlgraphics\batik-ext\1.18\batik-ext-1.18.jar;C:\Users\maylo_pqtjsg6\.m2\repository\org\apache\xmlgraphics\batik-parser\1.18\batik-parser-1.18.jar;C:\Users\maylo_pqtjsg6\.m2\repository\org\apache\xmlgraphics\batik-shared-resources\1.18\batik-shared-resources-1.18.jar;C:\Users\maylo_pqtjsg6\.m2\repository\org\apache\xmlgraphics\batik-bridge\1.18\batik-bridge-1.18.jar;C:\Users\maylo_pqtjsg6\.m2\repository\org\apache\xmlgraphics\batik-script\1.18\batik-script-1.18.jar;C:\Users\maylo_pqtjsg6\.m2\repository\org\apache\xmlgraphics\batik-xml\1.18\batik-xml-1.18.jar;C:\Users\maylo_pqtjsg6\.m2\repository\org\apache\xmlgraphics\xmlgraphics-commons\2.10\xmlgraphics-commons-2.10.jar;C:\Users\maylo_pqtjsg6\.m2\repository\commons-io\commons-io\2.11.0\commons-io-2.11.0.jar;C:\Users\maylo_pqtjsg6\.m2\repository\org\apache\xmlgraphics\batik-dom\1.18\batik-dom-1.18.jar;C:\Users\maylo_pqtjsg6\.m2\repository\org\apache\xmlgraphics\batik-svg-dom\1.18\batik-svg-dom-1.18.jar;C:\Users\maylo_pqtjsg6\.m2\repository\org\apache\xmlgraphics\batik-awt-util\1.18\batik-awt-util-1.18.jar;C:\Users\maylo_pqtjsg6\.m2\repository\org\apache\xmlgraphics\batik-gvt\1.18\batik-gvt-1.18.jar;C:\Users\maylo_pqtjsg6\.m2\repository\org\apache\xmlgraphics\batik-util\1.18\batik-util-1.18.jar;C:\Users\maylo_pqtjsg6\.m2\repository\org\apache\xmlgraphics\batik-i18n\1.18\batik-i18n-1.18.jar;C:\Users\maylo_pqtjsg6\.m2\repository\org\apache\xmlgraphics\batik-constants\1.18\batik-constants-1.18.jar;C:\Users\maylo_pqtjsg6\.m2\repository\org\apache\xmlgraphics\batik-css\1.18\batik-css-1.18.jar;C:\Users\maylo_pqtjsg6\.m2\repository\xml-apis\xml-apis-ext\1.3.04\xml-apis-ext-1.3.04.jar;C:\Users\maylo_pqtjsg6\.m2\repository\commons-beanutils\commons-beanutils\1.9.4\commons-beanutils-1.9.4.jar;C:\Users\maylo_pqtjsg6\.m2\repository\commons-collections\commons-collections\3.2.2\commons-collections-3.2.2.jar;C:\Users\maylo_pqtjsg6\.m2\repository\net\sf\jasperreports\jasperreports-pdf\7.0.2\jasperreports-pdf-7.0.2.jar;C:\Users\maylo_pqtjsg6\.m2\repository\com\github\librepdf\openpdf\1.3.32\openpdf-1.3.32.jar;C:\Users\maylo_pqtjsg6\.m2\repository\com\adobe\xmp\xmpcore\6.1.11\xmpcore-6.1.11.jar;C:\Users\maylo_pqtjsg6\.m2\repository\org\postgresql\postgresql\42.6.0\postgresql-42.6.0.jar;C:\Users\maylo_pqtjsg6\.m2\repository\org\checkerframework\checker-qual\3.31.0\checker-qual-3.31.0.jar
Launcher Type: SUN_STANDARD

[Global flags]
     intx CICompilerCount                          = 4                                         {product} {ergonomic}
     uint ConcGCThreads                            = 2                                         {product} {ergonomic}
     uint G1ConcRefinementThreads                  = 8                                         {product} {ergonomic}
   size_t G1HeapRegionSize                         = 2097152                                   {product} {ergonomic}
    uintx GCDrainStackTargetSize                   = 64                                        {product} {ergonomic}
   size_t InitialHeapSize                          = 264241152                                 {product} {ergonomic}
   size_t MarkStackSize                            = 4194304                                   {product} {ergonomic}
   size_t MaxHeapSize                              = 4198498304                                {product} {ergonomic}
   size_t MaxNewSize                               = 2518679552                                {product} {ergonomic}
   size_t MinHeapDeltaBytes                        = 2097152                                   {product} {ergonomic}
   size_t MinHeapSize                              = 8388608                                   {product} {ergonomic}
    uintx NonNMethodCodeHeapSize                   = 5839372                                {pd product} {ergonomic}
    uintx NonProfiledCodeHeapSize                  = 122909434                              {pd product} {ergonomic}
    uintx ProfiledCodeHeapSize                     = 122909434                              {pd product} {ergonomic}
    uintx ReservedCodeCacheSize                    = 251658240                              {pd product} {ergonomic}
     bool SegmentedCodeCache                       = true                                      {product} {ergonomic}
     bool ShowCodeDetailsInExceptionMessages       = true                                   {manageable} {command line}
   size_t SoftMaxHeapSize                          = 4198498304                             {manageable} {ergonomic}
     bool UseCompressedOops                        = true                           {product lp64_product} {ergonomic}
     bool UseG1GC                                  = true                                      {product} {ergonomic}
     bool UseLargePagesIndividualAllocation        = false                                  {pd product} {ergonomic}

Logging:
Log output configuration:
 #0: stdout all=warning uptime,level,tags foldmultilines=false
 #1: stderr all=off uptime,level,tags foldmultilines=false

Environment Variables:
JAVA_HOME=C:\Users\maylo_pqtjsg6\.jabba\jdk\temurin@21
PATH=C:\Users\maylo_pqtjsg6\.p2\pool\plugins\org.eclipse.justj.openjdk.hotspot.jre.full.win32.x86_64_21.0.8.v20250724-1412\jre\bin;C:/Users/maylo_pqtjsg6/.p2/pool/plugins/org.eclipse.justj.openjdk.hotspot.jre.full.win32.x86_64_21.0.8.v20250724-1412/jre/bin/server;C:/Users/maylo_pqtjsg6/.p2/pool/plugins/org.eclipse.justj.openjdk.hotspot.jre.full.win32.x86_64_21.0.8.v20250724-1412/jre/bin;C:\WINDOWS\system32;C:\WINDOWS;C:\WINDOWS\System32\Wbem;C:\WINDOWS\System32\WindowsPowerShell\v1.0\;C:\WINDOWS\System32\OpenSSH\;C:\Program Files\dotnet\;C:\Users\maylo_pqtjsg6\AppData\Local\nvm;C:\nvm4w\nodejs;C:\Users\maylo_pqtjsg6\AppData\Local\Microsoft\WindowsApps;C:\Users\maylo_pqtjsg6\AppData\Local\Programs\Microsoft VS Code\bin;C:\Users\maylo_pqtjsg6\AppData\Local\Programs\Git\cmd;C:\Users\maylo_pqtjsg6\.jabba\jdk\temurin@21\bin;C:\Users\maylo_pqtjsg6\AppData\Local\nvm;C:\nvm4w\nodejs;C:\Users\maylo_pqtjsg6\Documents\Mayara\configuracoes\apache-maven-3.9.11\bin;C:\Program Files\JetBrains\IntelliJ IDEA 2025.2\bin;C:\Users\maylo_pqtjsg6\eclipse\java-2025-06\eclipse;
USERNAME=maylo_pqtjsg6
OS=Windows_NT
PROCESSOR_IDENTIFIER=Intel64 Family 6 Model 140 Stepping 1, GenuineIntel
TMP=C:\Users\MAYLO_~1\AppData\Local\Temp
TEMP=C:\Users\MAYLO_~1\AppData\Local\Temp




Periodic native trim disabled

---------------  S Y S T E M  ---------------

OS:
 Windows 11 , 64 bit Build 26100 (10.0.26100.4768)
OS uptime: 1 days 4:14 hours

CPU: total 8 (initial active 8) (4 cores per cpu, 2 threads per core) family 6 model 140 stepping 1 microcode 0xbc, cx8, cmov, fxsr, ht, mmx, 3dnowpref, sse, sse2, sse3, ssse3, sse4.1, sse4.2, popcnt, lzcnt, tsc, tscinvbit, avx, avx2, aes, erms, clmul, bmi1, bmi2, adx, avx512f, avx512dq, avx512cd, avx512bw, avx512vl, sha, fma, vzeroupper, avx512_vpopcntdq, avx512_vpclmulqdq, avx512_vaes, avx512_vnni, clflush, clflushopt, clwb, avx512_vbmi2, avx512_vbmi, rdtscp, rdpid, fsrm, gfni, avx512_bitalg, f16c, pku, cet_ibt, cet_ss, avx512_ifma
Processor Information for the first 8 processors :
  Max Mhz: 2803, Current Mhz: 2803, Mhz Limit: 2803

Memory: 4k page, system-wide physical 16015M (3371M free)
TotalPageFile size 26255M (AvailPageFile size 9952M)
current process WorkingSet (physical memory assigned to process): 328M, peak: 413M
current process commit charge ("private bytes"): 363M, peak: 482M

vm_info: OpenJDK 64-Bit Server VM (21.0.8+9-LTS) for windows-amd64 JRE (21.0.8+9-LTS), built on 2025-07-15T00:00:00Z by "admin" with MS VC++ 17.7 (VS2022)

END.
